        -:    0:Source:C:/Users/Ilinca/Desktop/facultate/semestru 2/oop/lab 7/lab6-8oop/UI.h
        -:    0:Graph:C:\Users\Ilinca\Desktop\facultate\semestru 2\oop\lab 7\lab6-8oop\cmake-build-debug-coverage\CMakeFiles\lab4_6oop.dir\main.cpp.gcno
        -:    0:Data:C:\Users\Ilinca\Desktop\facultate\semestru 2\oop\lab 7\lab6-8oop\cmake-build-debug-coverage\CMakeFiles\lab4_6oop.dir\main.cpp.gcda
        -:    0:Runs:1
        -:    1://
        -:    2:// Created by Ilinca on 30-Mar-22.
        -:    3://
        -:    4:
        -:    5:#ifndef LAB4_6OOP_UI_H
        -:    6:#define LAB4_6OOP_UI_H
        -:    7:
        -:    8:#pragma once
        -:    9:#include "Service.h"
        -:   10:
        -:   11:class Console{
        -:   12:private:
        -:   13:    Medicamente_Service& srv;
        -:   14:public:
function _ZN7ConsoleC1ER19Medicamente_Service called 1 returned 100% blocks executed 100%
        1:   15:    Console(Medicamente_Service& srv) :srv{ srv } {};
        -:   16:    Console(const Console& ot) = delete;
        -:   17:    /*
        -:   18:     * Printeaza meniul aplicatiei
        -:   19:     */
        -:   20:    void print_meniu();
        -:   21:    /*
        -:   22:     * Functia de ui pentru adaugarea unui medicament
        -:   23:     */
        -:   24:    void ui_add();
        -:   25:    /*
        -:   26:     * Functia de ui pentru printarea medicamentelor
        -:   27:     */
        -:   28:    void print_all_medicamente();
        -:   29:    /*
        -:   30:     * Functia de ui pentru modificarea unui medicament
        -:   31:     */
        -:   32:    void ui_modificare();
        -:   33:    /*
        -:   34:     * Functia de ui pentru stergerea unui medicament
        -:   35:     */
        -:   36:    void ui_stergere();
        -:   37:    /*
        -:   38:     * Functia de ui pentru filtrarea unui medicament
        -:   39:     */
        -:   40:    void ui_filtrare();
        -:   41:
        -:   42:    void ui_sort();
        -:   43:
        -:   44:    void run();
        -:   45:
        -:   46:};
        -:   47:
        -:   48:#endif //LAB4_6OOP_UI_H
