        -:    0:Source:C:/Users/Ilinca/Desktop/facultate/semestru 2/oop/lab 7/lab6-8oop/Service.cpp
        -:    0:Graph:C:\Users\Ilinca\Desktop\facultate\semestru 2\oop\lab 7\lab6-8oop\cmake-build-debug-coverage\CMakeFiles\lab4_6oop.dir\Service.cpp.gcno
        -:    0:Data:C:\Users\Ilinca\Desktop\facultate\semestru 2\oop\lab 7\lab6-8oop\cmake-build-debug-coverage\CMakeFiles\lab4_6oop.dir\Service.cpp.gcda
        -:    0:Runs:1
        -:    1://
        -:    2:// Created by Ilinca on 30-Mar-22.
        -:    3://
        -:    4:
        -:    5:#pragma once
        -:    6:#include "Service.h"
        -:    7:#include "Validators.h"
        -:    8:#include <assert.h>
        -:    9:#include <functional>
        -:   10:#include <algorithm>
        -:   11:
function _ZN19Medicamente_Service14add_medicamentENSt7__cxx1112basic_stringIcSt11char_traitsIcESaIcEEES5_S5_d called 21 returned 76% blocks executed 61%
       21:   12:void Medicamente_Service::add_medicament(string denumire, string producator, string substanta_activa, double pret) {
       42:   13:    Medicament med1{denumire, producator, substanta_activa, pret};
       21:   13-block  0
call    0 returned 21
branch  1 taken 21 (fallthrough)
branch  2 taken 0 (throw)
       21:   13-block  1
call    3 returned 21
branch  4 taken 21 (fallthrough)
branch  5 taken 0 (throw)
       21:   13-block  2
call    6 returned 21
branch  7 taken 21 (fallthrough)
branch  8 taken 0 (throw)
       21:   13-block  3
call    9 returned 21
branch 10 taken 21 (fallthrough)
branch 11 taken 0 (throw)
call   12 returned 21
call   13 returned 21
    $$$$$:   13-block  4
    $$$$$:   13-block  5
    $$$$$:   13-block  6
       21:   14:    val.valideaza(med1);
call    0 returned 21
branch  1 taken 17 (fallthrough)
branch  2 taken 4 (throw)
       17:   15:    repo.store(med1);
       17:   15-block  0
call    0 returned 17
branch  1 taken 16 (fallthrough)
branch  2 taken 1 (throw)
       21:   16:}
       16:   16-block  0
call    0 returned 16
        5:   16-block  1
call    1 returned 5
        -:   17:
function _ZN19Medicamente_Service21modifica_pret_serviceENSt7__cxx1112basic_stringIcSt11char_traitsIcESaIcEEES5_S5_d called 1 returned 100% blocks executed 52%
        1:   18:void Medicamente_Service::modifica_pret_service(string denumire, string producator, string substanta_activa,
        -:   19:                                                double pret_nou) {
        2:   20:    Medicament med1{denumire, producator, substanta_activa, pret_nou};
        1:   20-block  0
call    0 returned 1
branch  1 taken 1 (fallthrough)
branch  2 taken 0 (throw)
        1:   20-block  1
call    3 returned 1
branch  4 taken 1 (fallthrough)
branch  5 taken 0 (throw)
        1:   20-block  2
call    6 returned 1
branch  7 taken 1 (fallthrough)
branch  8 taken 0 (throw)
        1:   20-block  3
call    9 returned 1
branch 10 taken 1 (fallthrough)
branch 11 taken 0 (throw)
call   12 returned 1
call   13 returned 1
    $$$$$:   20-block  4
    $$$$$:   20-block  5
    $$$$$:   20-block  6
        1:   21:    val.valideaza(med1);
call    0 returned 1
branch  1 taken 1 (fallthrough)
branch  2 taken 0 (throw)
        1:   22:    repo.modificare_pret_repo(med1);
        1:   22-block  0
call    0 returned 1
branch  1 taken 1 (fallthrough)
branch  2 taken 0 (throw)
        1:   23:}
        1:   23-block  0
call    0 returned 1
    $$$$$:   23-block  1
call    1 never executed
        -:   24:
function _ZN19Medicamente_Service16stergere_serviceENSt7__cxx1112basic_stringIcSt11char_traitsIcESaIcEEES5_S5_d called 1 returned 100% blocks executed 52%
        1:   25:void Medicamente_Service::stergere_service(string denumire, string producator, string substanta_activa, double pret) {
        2:   26:    Medicament med1{denumire, producator, substanta_activa, pret};
        1:   26-block  0
call    0 returned 1
branch  1 taken 1 (fallthrough)
branch  2 taken 0 (throw)
        1:   26-block  1
call    3 returned 1
branch  4 taken 1 (fallthrough)
branch  5 taken 0 (throw)
        1:   26-block  2
call    6 returned 1
branch  7 taken 1 (fallthrough)
branch  8 taken 0 (throw)
        1:   26-block  3
call    9 returned 1
branch 10 taken 1 (fallthrough)
branch 11 taken 0 (throw)
call   12 returned 1
call   13 returned 1
    $$$$$:   26-block  4
    $$$$$:   26-block  5
    $$$$$:   26-block  6
        1:   27:    val.valideaza(med1);
call    0 returned 1
branch  1 taken 1 (fallthrough)
branch  2 taken 0 (throw)
        1:   28:    repo.stergere_repo(med1);
        1:   28-block  0
call    0 returned 1
branch  1 taken 1 (fallthrough)
branch  2 taken 0 (throw)
        1:   29:}
        1:   29-block  0
call    0 returned 1
    $$$$$:   29-block  1
call    1 never executed
        -:   30:
function _ZN19Medicamente_Service25filtrare_substanta_activaENSt7__cxx1112basic_stringIcSt11char_traitsIcESaIcEEE called 1 returned 100% blocks executed 79%
        1:   31:VectorDinamic<Medicament> Medicamente_Service::filtrare_substanta_activa(string substanta_activa) {
        1:   32:    VectorDinamic<Medicament> rezultat;
        1:   32-block  0
call    0 returned 1
        4:   33:    for(const auto& med : repo.get_all_medicamente()) {
call    0 returned 1
branch  1 taken 1 (fallthrough)
branch  2 taken 0 (throw)
        1:   33-block  0
call    3 returned 1
call    4 returned 1
        3:   33-block  1
call    5 returned 3
branch  6 taken 3 (fallthrough)
branch  7 taken 0 (throw)
        3:   33-block  2
call    8 returned 3
        4:   33-block  3
call    9 returned 4
branch 10 taken 3
branch 11 taken 1 (fallthrough)
        3:   34:        if(med.get_substanta_activa() == substanta_activa){
        3:   34-block  0
call    0 returned 3
branch  1 taken 3 (fallthrough)
branch  2 taken 0 (throw)
        3:   34-block  1
call    3 returned 3
call    4 returned 3
branch  5 taken 2 (fallthrough)
branch  6 taken 1
        2:   35:            rezultat.add(med);
        2:   35-block  0
call    0 returned 2
branch  1 taken 2 (fallthrough)
branch  2 taken 0 (throw)
        2:   35-block  1
call    3 returned 2
branch  4 taken 2 (fallthrough)
branch  5 taken 0 (throw)
        2:   35-block  2
call    6 returned 2
    $$$$$:   35-block  3
call    7 never executed
    $$$$$:   35-block  4
        -:   36:        }
        -:   37:    }
        1:   38:    return rezultat;
        1:   38-block  0
        1:   38-block  1
    =====:   39:}
    $$$$$:   39-block  0
call    0 never executed
        -:   40:
function _ZN19Medicamente_Service13filtrare_pretEd called 1 returned 100% blocks executed 77%
        1:   41:VectorDinamic<Medicament> Medicamente_Service::filtrare_pret(double pret) {
        1:   42:    VectorDinamic<Medicament> rezultat;
        1:   42-block  0
call    0 returned 1
        4:   43:    for(const auto& med : repo.get_all_medicamente()) {
call    0 returned 1
branch  1 taken 1 (fallthrough)
branch  2 taken 0 (throw)
        1:   43-block  0
call    3 returned 1
call    4 returned 1
        3:   43-block  1
call    5 returned 3
branch  6 taken 3 (fallthrough)
branch  7 taken 0 (throw)
        3:   43-block  2
call    8 returned 3
        4:   43-block  3
call    9 returned 4
branch 10 taken 3
branch 11 taken 1 (fallthrough)
        3:   44:        if(med.get_pret() == pret){
        3:   44-block  0
call    0 returned 3
branch  1 taken 3 (fallthrough)
branch  2 taken 0 (throw)
        3:   44-block  1
branch  3 taken 2 (fallthrough)
branch  4 taken 1
        2:   45:            rezultat.add(med);
        2:   45-block  0
call    0 returned 2
branch  1 taken 2 (fallthrough)
branch  2 taken 0 (throw)
        2:   45-block  1
call    3 returned 2
branch  4 taken 2 (fallthrough)
branch  5 taken 0 (throw)
        2:   45-block  2
call    6 returned 2
    $$$$$:   45-block  3
call    7 never executed
    $$$$$:   45-block  4
        -:   46:        }
        -:   47:    }
        1:   48:    return rezultat;
        1:   48-block  0
        1:   48-block  1
    =====:   49:}
    $$$$$:   49-block  0
call    0 never executed
        -:   50:
        -:   51:/*
        -:   52:vector<Medicament> Medicamente_Service::general_sort(bool (*mai_mic_f)(const Medicament &, const Medicament &)) {
        -:   53:    vector<Medicament> v{repo.get_all_medicamente()};
        -:   54:    for (size_t i=0;i<v.size();i++) {
        -:   55:        for (size_t j = i + 1; j < v.size(); j++) {
        -:   56:            if (!mai_mic_f(v[i], v[j])) {
        -:   57:                Medicament aux = v[i];
        -:   58:                v[i] = v[j];
        -:   59:                v[j] = aux;
        -:   60:            }
        -:   61:        }
        -:   62:    }
        -:   63:    return v;
        -:   64:}
        -:   65:
        -:   66:vector<Medicament> Medicamente_Service::sort_by_denumire() {
        -:   67:    auto sorted_copy = repo.get_all_medicamente();
        -:   68:    sort(sorted_copy.begin(), sorted_copy.end(), cmp_denumire);
        -:   69:    return sorted_copy;
        -:   70:}
        -:   71:
        -:   72:vector<Medicament> Medicamente_Service::sort_by_producator() {
        -:   73:    auto sorted_copy = repo.get_all_medicamente();
        -:   74:    sort(sorted_copy.begin(), sorted_copy.end(), cmp_producator);
        -:   75:    return sorted_copy;
        -:   76:}
        -:   77:
        -:   78: */
function _ZN19Medicamente_Service11sortserviceEiPFbR10MedicamentS1_E called 6 returned 100% blocks executed 85%
        6:   79:VectorDinamic<Medicament> Medicamente_Service::sortservice(int reverse, bool (*functie)(Medicament &, Medicament &)) {
        6:   80:    VectorDinamic<Medicament> v{repo.get_all_medicamente() };  //copie
        6:   80-block  0
call    0 returned 6
call    1 returned 6
        -:   81:
       24:   82:    for (int i=0;i<v.size();i++)
       18:   82-block  0
       24:   82-block  1
call    0 returned 24
branch  1 taken 18
branch  2 taken 6 (fallthrough)
        -:   83:    {
       36:   84:        for (int j=i+1;j<v.size();j++)
       18:   84-block  0
       18:   84-block  1
       36:   84-block  2
call    0 returned 36
branch  1 taken 18
branch  2 taken 18 (fallthrough)
        -:   85:        {
       18:   86:            if (reverse == 0)
       18:   86-block  0
branch  0 taken 9 (fallthrough)
branch  1 taken 9
        -:   87:            {
        -:   88:                //crescator
        9:   89:                if (!functie(v.get(i),v.get(j)))
        9:   89-block  0
call    0 returned 9
call    1 returned 9
call    2 returned 9
branch  3 taken 9 (fallthrough)
branch  4 taken 0 (throw)
        9:   89-block  1
branch  5 taken 4 (fallthrough)
branch  6 taken 5
        -:   90:                {
        4:   91:                    Medicament aux = v.get(i);
        4:   91-block  0
call    0 returned 4
call    1 returned 4
branch  2 taken 4 (fallthrough)
branch  3 taken 0 (throw)
        4:   92:                    v.get(i) = v.get(j);
        4:   92-block  0
call    0 returned 4
call    1 returned 4
call    2 returned 4
branch  3 taken 4 (fallthrough)
branch  4 taken 0 (throw)
        4:   93:                    v.get(j) = aux;
        4:   93-block  0
call    0 returned 4
call    1 returned 4
branch  2 taken 4 (fallthrough)
branch  3 taken 0 (throw)
        4:   94:                }
        4:   94-block  0
call    0 returned 4
    $$$$$:   94-block  1
call    1 never executed
        -:   95:            }
        -:   96:            else
        -:   97:            {
        -:   98:                //descrescator
        9:   99:                if (functie(v.get(i), v.get(j)))
        9:   99-block  0
call    0 returned 9
call    1 returned 9
call    2 returned 9
branch  3 taken 9 (fallthrough)
branch  4 taken 0 (throw)
        9:   99-block  1
branch  5 taken 5 (fallthrough)
branch  6 taken 4
        -:  100:                {
        5:  101:                    Medicament aux = v.get(i);
        5:  101-block  0
call    0 returned 5
call    1 returned 5
branch  2 taken 5 (fallthrough)
branch  3 taken 0 (throw)
        5:  102:                    v.get(i) = v.get(j);
        5:  102-block  0
call    0 returned 5
call    1 returned 5
call    2 returned 5
branch  3 taken 5 (fallthrough)
branch  4 taken 0 (throw)
        5:  103:                    v.get(j) = aux;
        5:  103-block  0
call    0 returned 5
call    1 returned 5
branch  2 taken 5 (fallthrough)
branch  3 taken 0 (throw)
        5:  104:                }
        5:  104-block  0
call    0 returned 5
    $$$$$:  104-block  1
call    1 never executed
        -:  105:            }
        -:  106:        }
        -:  107:    }
        6:  108:    return v;
        6:  108-block  0
        6:  108-block  1
    =====:  109:}
    $$$$$:  109-block  0
call    0 never executed
        -:  110:
function _ZN19Medicamente_Service12sortdenumireEi called 2 returned 100% blocks executed 100%
        2:  111:VectorDinamic<Medicament> Medicamente_Service::sortdenumire(int reverse) {
        2:  112:    return sortservice(reverse, cmp_denumire);
        2:  112-block  0
call    0 returned 2
        -:  113:}
        -:  114:
function _ZN19Medicamente_Service14sortproducatorEi called 2 returned 100% blocks executed 100%
        2:  115:VectorDinamic<Medicament> Medicamente_Service::sortproducator(int reverse) {
        2:  116:    return sortservice(reverse, cmp_producator);
        2:  116-block  0
call    0 returned 2
        -:  117:}
        -:  118:
function _ZN19Medicamente_Service14sortdsubstpretEi called 2 returned 100% blocks executed 100%
        2:  119:VectorDinamic<Medicament> Medicamente_Service::sortdsubstpret(int reverse) {
        2:  120:    return sortservice(reverse, cmp_substspret);
        2:  120-block  0
call    0 returned 2
        -:  121:}
        -:  122:
        -:  123:
