        -:    0:Source:C:/Users/Ilinca/Desktop/facultate/semestru 2/oop/lab 7/lab6-8oop/UI.cpp
        -:    0:Graph:C:\Users\Ilinca\Desktop\facultate\semestru 2\oop\lab 7\lab6-8oop\cmake-build-debug-coverage\CMakeFiles\lab4_6oop.dir\UI.cpp.gcno
        -:    0:Data:C:\Users\Ilinca\Desktop\facultate\semestru 2\oop\lab 7\lab6-8oop\cmake-build-debug-coverage\CMakeFiles\lab4_6oop.dir\UI.cpp.gcda
        -:    0:Runs:1
        -:    1://
        -:    2:// Created by Ilinca on 30-Mar-22.
        -:    3://
        -:    4:
        -:    5:#pragma once
        -:    6:#include "UI.h"
        -:    7:#include <iostream>
        -:    8:using namespace std;
        -:    9:
function _ZN7Console11print_meniuEv called 1 returned 100% blocks executed 100%
        1:   10:void Console::print_meniu() {
        1:   11:    cout<<"Comenzile disponibile sunt:"<<endl;
        1:   11-block  0
call    0 returned 1
call    1 returned 1
        1:   12:    cout<<"1. Adauga un medicament."<<endl;
call    0 returned 1
call    1 returned 1
        1:   13:    cout<<"2. Modifica pretul unui medicament."<<endl;
call    0 returned 1
call    1 returned 1
        1:   14:    cout<<"3. Sterge un medicament."<<endl;
call    0 returned 1
call    1 returned 1
        1:   15:    cout<<"4. Afiseaza toate medicamentele."<<endl;
call    0 returned 1
call    1 returned 1
        1:   16:    cout<<"5. Filtrare medicamente dupa substanta activa/pret."<<endl;
call    0 returned 1
call    1 returned 1
        1:   17:    cout<<"6. Sorteaza medicamente dupa denumire/producator/substanta activa+pret."<<endl;
call    0 returned 1
call    1 returned 1
        1:   18:    cout<<"0. Exit."<<endl;
call    0 returned 1
call    1 returned 1
        1:   19:}
        -:   20:
function _ZN7Console6ui_addEv called 0 returned 0% blocks executed 0%
    #####:   21:void Console::ui_add() {
    #####:   22:    string denumire, producator, substanta_activa;
    %%%%%:   22-block  0
call    0 never executed
call    1 never executed
call    2 never executed
        -:   23:    double pret;
    #####:   24:    cout<<"Denumirea medicamentului este:";
call    0 never executed
branch  1 never executed
branch  2 never executed
    #####:   25:    getline(cin>> ws , denumire);
    %%%%%:   25-block  0
call    0 never executed
branch  1 never executed
branch  2 never executed
    %%%%%:   25-block  1
call    3 never executed
branch  4 never executed
branch  5 never executed
        -:   26:
    #####:   27:    cout<<"Producatorul medicamentului este:";
    %%%%%:   27-block  0
call    0 never executed
branch  1 never executed
branch  2 never executed
    #####:   28:    getline(cin>> ws , producator);
    %%%%%:   28-block  0
call    0 never executed
branch  1 never executed
branch  2 never executed
    %%%%%:   28-block  1
call    3 never executed
branch  4 never executed
branch  5 never executed
        -:   29:
    #####:   30:    cout<<"Substanta activa a medicamentului este:";
    %%%%%:   30-block  0
call    0 never executed
branch  1 never executed
branch  2 never executed
    #####:   31:    getline(cin>> ws , substanta_activa);
    %%%%%:   31-block  0
call    0 never executed
branch  1 never executed
branch  2 never executed
    %%%%%:   31-block  1
call    3 never executed
branch  4 never executed
branch  5 never executed
        -:   32:
    #####:   33:    cout<<"Pretul medicamentului este:";
    %%%%%:   33-block  0
call    0 never executed
branch  1 never executed
branch  2 never executed
    #####:   34:    cin >> pret;
    %%%%%:   34-block  0
call    0 never executed
branch  1 never executed
branch  2 never executed
        -:   35:
        -:   36:    try{
    #####:   37:        srv.add_medicament(denumire, producator, substanta_activa, pret);
    %%%%%:   37-block  0
call    0 never executed
branch  1 never executed
branch  2 never executed
    %%%%%:   37-block  1
call    3 never executed
branch  4 never executed
branch  5 never executed
    %%%%%:   37-block  2
call    6 never executed
branch  7 never executed
branch  8 never executed
    %%%%%:   37-block  3
call    9 never executed
branch 10 never executed
branch 11 never executed
    %%%%%:   37-block  4
call   12 never executed
call   13 never executed
call   14 never executed
    $$$$$:   37-block  5
call   15 never executed
    $$$$$:   37-block  6
    $$$$$:   37-block  7
call   16 never executed
    $$$$$:   37-block  8
    $$$$$:   37-block  9
call   17 never executed
    $$$$$:   37-block 10
        -:   38:    }
    =====:   39:    catch (Repo_Exception& re) {
    $$$$$:   39-block  0
branch  0 never executed
branch  1 never executed
branch  2 never executed
    $$$$$:   39-block  1
call    3 never executed
    =====:   40:        cout << re.get_error_message();
call    0 never executed
branch  1 never executed
branch  2 never executed
    $$$$$:   40-block  0
call    3 never executed
branch  4 never executed
branch  5 never executed
    $$$$$:   40-block  1
call    6 never executed
    $$$$$:   40-block  2
call    7 never executed
    $$$$$:   40-block  3
    =====:   41:    }
call    0 never executed
branch  1 never executed
branch  2 never executed
    $$$$$:   41-block  0
call    3 never executed
    =====:   42:    catch (Validation_Exception& ve) {
    $$$$$:   42-block  0
call    0 never executed
    =====:   43:        cout << "Medicamentul introdus nu este valid!" << endl;
call    0 never executed
branch  1 never executed
branch  2 never executed
    $$$$$:   43-block  0
call    3 never executed
branch  4 never executed
branch  5 never executed
    =====:   44:        cout << ve.get_error_messages();
    $$$$$:   44-block  0
call    0 never executed
branch  1 never executed
branch  2 never executed
    $$$$$:   44-block  1
call    3 never executed
branch  4 never executed
branch  5 never executed
    $$$$$:   44-block  2
call    6 never executed
    $$$$$:   44-block  3
call    7 never executed
    $$$$$:   44-block  4
    =====:   45:    }
call    0 never executed
    $$$$$:   45-block  0
call    1 never executed
    #####:   46:}
    %%%%%:   46-block  0
call    0 never executed
call    1 never executed
call    2 never executed
    $$$$$:   46-block  1
call    3 never executed
    $$$$$:   46-block  2
call    4 never executed
    $$$$$:   46-block  3
call    5 never executed
        -:   47:
        -:   48:
function _ZN7Console21print_all_medicamenteEv called 0 returned 0% blocks executed 0%
    #####:   49:void Console::print_all_medicamente() {
    #####:   50:        VectorDinamic<Medicament>& all_medicamente = srv.get_all_medicamente();
    %%%%%:   50-block  0
call    0 never executed
    #####:   51:        if(all_medicamente.size() == 0)
call    0 never executed
branch  1 never executed
branch  2 never executed
    #####:   52:            cout << "Nu exista medicamente in lista!"<<endl;
    %%%%%:   52-block  0
call    0 never executed
call    1 never executed
        -:   53:        else
    #####:   54:            for(const auto& med : all_medicamente){
    %%%%%:   54-block  0
call    0 never executed
call    1 never executed
    %%%%%:   54-block  1
call    2 never executed
branch  3 never executed
branch  4 never executed
    %%%%%:   54-block  2
call    5 never executed
branch  6 never executed
branch  7 never executed
    #####:   55:                cout<<"Denumire: " << med.get_denumire() <<" || Producator: " << med.get_producator() << " || Substanta activa: " << med.get_substanta_activa() << " || Pret: " << med.get_pret() << endl;
    %%%%%:   55-block  0
call    0 never executed
branch  1 never executed
branch  2 never executed
    %%%%%:   55-block  1
call    3 never executed
branch  4 never executed
branch  5 never executed
    %%%%%:   55-block  2
call    6 never executed
branch  7 never executed
branch  8 never executed
    %%%%%:   55-block  3
call    9 never executed
branch 10 never executed
branch 11 never executed
    %%%%%:   55-block  4
call   12 never executed
branch 13 never executed
branch 14 never executed
    %%%%%:   55-block  5
call   15 never executed
branch 16 never executed
branch 17 never executed
    %%%%%:   55-block  6
call   18 never executed
branch 19 never executed
branch 20 never executed
    %%%%%:   55-block  7
call   21 never executed
branch 22 never executed
branch 23 never executed
    %%%%%:   55-block  8
call   24 never executed
branch 25 never executed
branch 26 never executed
    %%%%%:   55-block  9
call   27 never executed
branch 28 never executed
branch 29 never executed
    %%%%%:   55-block 10
call   30 never executed
branch 31 never executed
branch 32 never executed
    %%%%%:   55-block 11
call   33 never executed
branch 34 never executed
branch 35 never executed
    %%%%%:   55-block 12
call   36 never executed
branch 37 never executed
branch 38 never executed
    %%%%%:   55-block 13
call   39 never executed
call   40 never executed
call   41 never executed
call   42 never executed
    $$$$$:   55-block 14
call   43 never executed
    $$$$$:   55-block 15
    $$$$$:   55-block 16
call   44 never executed
    $$$$$:   55-block 17
    $$$$$:   55-block 18
call   45 never executed
    $$$$$:   55-block 19
        -:   56:
        -:   57:            }
        -:   58:
    #####:   59:}
    %%%%%:   59-block  0
        -:   60:
function _ZN7Console13ui_modificareEv called 0 returned 0% blocks executed 0%
    #####:   61:void Console::ui_modificare() {
    #####:   62:    string denumire, producator, substanta_activa;
    %%%%%:   62-block  0
call    0 never executed
call    1 never executed
call    2 never executed
        -:   63:    double pret_nou;
    #####:   64:    cout << "Denumirea medicamentului pe care doriti sa o modificati: \n";
call    0 never executed
branch  1 never executed
branch  2 never executed
    #####:   65:    getline(cin >> ws, denumire);
    %%%%%:   65-block  0
call    0 never executed
branch  1 never executed
branch  2 never executed
    %%%%%:   65-block  1
call    3 never executed
branch  4 never executed
branch  5 never executed
        -:   66:
    #####:   67:    cout << "Producatorul medicamentului pe care doriti sa o modificati: \n";
    %%%%%:   67-block  0
call    0 never executed
branch  1 never executed
branch  2 never executed
    #####:   68:    getline(cin >> ws, producator);
    %%%%%:   68-block  0
call    0 never executed
branch  1 never executed
branch  2 never executed
    %%%%%:   68-block  1
call    3 never executed
branch  4 never executed
branch  5 never executed
        -:   69:
    #####:   70:    cout << "Substanta activa a medicamentului pe care doriti sa o modificati: \n";
    %%%%%:   70-block  0
call    0 never executed
branch  1 never executed
branch  2 never executed
    #####:   71:    getline(cin >> ws, substanta_activa);
    %%%%%:   71-block  0
call    0 never executed
branch  1 never executed
branch  2 never executed
    %%%%%:   71-block  1
call    3 never executed
branch  4 never executed
branch  5 never executed
        -:   72:
    #####:   73:    cout << "Noul pret al medicamentului: \n";
    %%%%%:   73-block  0
call    0 never executed
branch  1 never executed
branch  2 never executed
    #####:   74:    cin >> pret_nou;
    %%%%%:   74-block  0
call    0 never executed
branch  1 never executed
branch  2 never executed
        -:   75:    try{
    #####:   76:        srv.modifica_pret_service(denumire, producator, substanta_activa, pret_nou);
    %%%%%:   76-block  0
call    0 never executed
branch  1 never executed
branch  2 never executed
    %%%%%:   76-block  1
call    3 never executed
branch  4 never executed
branch  5 never executed
    %%%%%:   76-block  2
call    6 never executed
branch  7 never executed
branch  8 never executed
    %%%%%:   76-block  3
call    9 never executed
branch 10 never executed
branch 11 never executed
    %%%%%:   76-block  4
call   12 never executed
call   13 never executed
call   14 never executed
    $$$$$:   76-block  5
call   15 never executed
    $$$$$:   76-block  6
    $$$$$:   76-block  7
call   16 never executed
    $$$$$:   76-block  8
    $$$$$:   76-block  9
call   17 never executed
    $$$$$:   76-block 10
    #####:   77:        cout << "Pretul medicamentului a fost modificat cu succes!!\n";
call    0 never executed
branch  1 never executed
branch  2 never executed
        -:   78:    }
    =====:   79:    catch (Repo_Exception& re){
    $$$$$:   79-block  0
branch  0 never executed
branch  1 never executed
branch  2 never executed
    $$$$$:   79-block  1
call    3 never executed
    =====:   80:        cout << re.get_error_message();
call    0 never executed
branch  1 never executed
branch  2 never executed
    $$$$$:   80-block  0
call    3 never executed
branch  4 never executed
branch  5 never executed
    $$$$$:   80-block  1
call    6 never executed
    $$$$$:   80-block  2
call    7 never executed
    $$$$$:   80-block  3
    =====:   81:    }
call    0 never executed
branch  1 never executed
branch  2 never executed
    $$$$$:   81-block  0
call    3 never executed
    =====:   82:    catch (Validation_Exception& ve) {
    $$$$$:   82-block  0
call    0 never executed
    =====:   83:        cout << "Medicamentul nu este valid!!" << endl;
call    0 never executed
branch  1 never executed
branch  2 never executed
    $$$$$:   83-block  0
call    3 never executed
branch  4 never executed
branch  5 never executed
    =====:   84:        cout << ve.get_error_messages();
    $$$$$:   84-block  0
call    0 never executed
branch  1 never executed
branch  2 never executed
    $$$$$:   84-block  1
call    3 never executed
branch  4 never executed
branch  5 never executed
    $$$$$:   84-block  2
call    6 never executed
    $$$$$:   84-block  3
call    7 never executed
    $$$$$:   84-block  4
    =====:   85:    }
call    0 never executed
    $$$$$:   85-block  0
call    1 never executed
    #####:   86:}
    %%%%%:   86-block  0
call    0 never executed
call    1 never executed
call    2 never executed
    $$$$$:   86-block  1
call    3 never executed
    $$$$$:   86-block  2
call    4 never executed
    $$$$$:   86-block  3
call    5 never executed
        -:   87:
function _ZN7Console11ui_stergereEv called 0 returned 0% blocks executed 0%
    #####:   88:void Console::ui_stergere(){
    #####:   89:    string denumire, producator, substanta_activa;
    %%%%%:   89-block  0
call    0 never executed
call    1 never executed
call    2 never executed
        -:   90:    double pret;
    #####:   91:    cout << "Denumirea medicamentului pe care doriti sa il stergeti:\n";
call    0 never executed
branch  1 never executed
branch  2 never executed
    #####:   92:    getline(cin >> ws, denumire);
    %%%%%:   92-block  0
call    0 never executed
branch  1 never executed
branch  2 never executed
    %%%%%:   92-block  1
call    3 never executed
branch  4 never executed
branch  5 never executed
        -:   93:
    #####:   94:    cout << "Producatorul medicamentului pe care doriti sa il stergeti:\n";
    %%%%%:   94-block  0
call    0 never executed
branch  1 never executed
branch  2 never executed
    #####:   95:    getline(cin >> ws, producator);
    %%%%%:   95-block  0
call    0 never executed
branch  1 never executed
branch  2 never executed
    %%%%%:   95-block  1
call    3 never executed
branch  4 never executed
branch  5 never executed
        -:   96:
    #####:   97:    cout << "Substanta activa a medicamentului pe care doriti sa il stergeti:\n";
    %%%%%:   97-block  0
call    0 never executed
branch  1 never executed
branch  2 never executed
    #####:   98:    getline(cin >> ws, substanta_activa);
    %%%%%:   98-block  0
call    0 never executed
branch  1 never executed
branch  2 never executed
    %%%%%:   98-block  1
call    3 never executed
branch  4 never executed
branch  5 never executed
        -:   99:
    #####:  100:    cout << "Pretul medicamentului:\n";
    %%%%%:  100-block  0
call    0 never executed
branch  1 never executed
branch  2 never executed
    #####:  101:    cin >> pret;
    %%%%%:  101-block  0
call    0 never executed
branch  1 never executed
branch  2 never executed
        -:  102:
        -:  103:    try{
    #####:  104:        srv.stergere_service(denumire, producator, substanta_activa, pret);
    %%%%%:  104-block  0
call    0 never executed
branch  1 never executed
branch  2 never executed
    %%%%%:  104-block  1
call    3 never executed
branch  4 never executed
branch  5 never executed
    %%%%%:  104-block  2
call    6 never executed
branch  7 never executed
branch  8 never executed
    %%%%%:  104-block  3
call    9 never executed
branch 10 never executed
branch 11 never executed
    %%%%%:  104-block  4
call   12 never executed
call   13 never executed
call   14 never executed
    $$$$$:  104-block  5
call   15 never executed
    $$$$$:  104-block  6
    $$$$$:  104-block  7
call   16 never executed
    $$$$$:  104-block  8
    $$$$$:  104-block  9
call   17 never executed
    $$$$$:  104-block 10
    #####:  105:        cout << "Medicamentul a fost sters cu succes!\n";
call    0 never executed
branch  1 never executed
branch  2 never executed
        -:  106:    }
    =====:  107:    catch (Repo_Exception& re){
    $$$$$:  107-block  0
branch  0 never executed
branch  1 never executed
branch  2 never executed
    $$$$$:  107-block  1
call    3 never executed
    =====:  108:        cout << re.get_error_message();
call    0 never executed
branch  1 never executed
branch  2 never executed
    $$$$$:  108-block  0
call    3 never executed
branch  4 never executed
branch  5 never executed
    $$$$$:  108-block  1
call    6 never executed
    $$$$$:  108-block  2
call    7 never executed
    $$$$$:  108-block  3
    =====:  109:    }
call    0 never executed
branch  1 never executed
branch  2 never executed
    $$$$$:  109-block  0
call    3 never executed
    =====:  110:    catch (Validation_Exception& ve){
    $$$$$:  110-block  0
call    0 never executed
    =====:  111:        cout << ve.get_error_messages();
call    0 never executed
branch  1 never executed
branch  2 never executed
    $$$$$:  111-block  0
call    3 never executed
branch  4 never executed
branch  5 never executed
    $$$$$:  111-block  1
call    6 never executed
    $$$$$:  111-block  2
call    7 never executed
    $$$$$:  111-block  3
    =====:  112:    }
call    0 never executed
    $$$$$:  112-block  0
call    1 never executed
    #####:  113:}
    %%%%%:  113-block  0
call    0 never executed
call    1 never executed
call    2 never executed
    $$$$$:  113-block  1
call    3 never executed
    $$$$$:  113-block  2
call    4 never executed
    $$$$$:  113-block  3
call    5 never executed
        -:  114:
function _ZN7Console11ui_filtrareEv called 0 returned 0% blocks executed 0%
    #####:  115:void Console::ui_filtrare() {
    #####:  116:    cout << "Optiunile pentru filtrare sunt:\n";
    %%%%%:  116-block  0
call    0 never executed
branch  1 never executed
branch  2 never executed
    #####:  117:    cout << "1 - dupa substanta activa.\n";
    %%%%%:  117-block  0
call    0 never executed
branch  1 never executed
branch  2 never executed
    #####:  118:    cout << "2 - dupa pret.\n";
    %%%%%:  118-block  0
call    0 never executed
branch  1 never executed
branch  2 never executed
        -:  119:    int filtru;
    #####:  120:    string denumire, producator, substanta_activa;
    %%%%%:  120-block  0
call    0 never executed
call    1 never executed
call    2 never executed
        -:  121:    double pret;
    #####:  122:    cout << "Introduceti filtrul dorit:\n";
call    0 never executed
branch  1 never executed
branch  2 never executed
    #####:  123:    cin >> filtru;
    %%%%%:  123-block  0
call    0 never executed
branch  1 never executed
branch  2 never executed
    #####:  124:    if (filtru == 1) {
    %%%%%:  124-block  0
branch  0 never executed
branch  1 never executed
    #####:  125:        cout << "Introduceti substanta activa dupa care doriti sa se faca filtrarea:\n";
    %%%%%:  125-block  0
call    0 never executed
branch  1 never executed
branch  2 never executed
    #####:  126:        getline(cin >> ws, substanta_activa);
    %%%%%:  126-block  0
call    0 never executed
branch  1 never executed
branch  2 never executed
    %%%%%:  126-block  1
call    3 never executed
branch  4 never executed
branch  5 never executed
    #####:  127:        if (srv.filtrare_substanta_activa(substanta_activa).size() == 0)
    %%%%%:  127-block  0
call    0 never executed
branch  1 never executed
branch  2 never executed
    %%%%%:  127-block  1
call    3 never executed
branch  4 never executed
branch  5 never executed
    %%%%%:  127-block  2
call    6 never executed
call    7 never executed
call    8 never executed
branch  9 never executed
branch 10 never executed
    $$$$$:  127-block  3
call   11 never executed
    $$$$$:  127-block  4
    #####:  128:            cout << "Nu exista medicamente cu aceasta substanta activa!\n";
    %%%%%:  128-block  0
call    0 never executed
branch  1 never executed
branch  2 never executed
    #####:  129:        for (const auto &med: srv.filtrare_substanta_activa(substanta_activa)) {
    %%%%%:  129-block  0
call    0 never executed
branch  1 never executed
branch  2 never executed
    %%%%%:  129-block  1
call    3 never executed
branch  4 never executed
branch  5 never executed
    %%%%%:  129-block  2
call    6 never executed
call    7 never executed
call    8 never executed
    %%%%%:  129-block  3
call    9 never executed
branch 10 never executed
branch 11 never executed
    %%%%%:  129-block  4
call   12 never executed
branch 13 never executed
branch 14 never executed
    $$$$$:  129-block  5
call   15 never executed
    $$$$$:  129-block  6
    #####:  130:            cout << "Denumire: " << med.get_denumire() << " || Producator: " << med.get_producator()
call    0 never executed
call    1 never executed
    $$$$$:  130-block  0
call    2 never executed
    $$$$$:  130-block  1
    $$$$$:  130-block  2
call    3 never executed
    $$$$$:  130-block  3
    #####:  131:                 << " || Substanta activa: " << med.get_substanta_activa() << " || Pret: " << med.get_pret() << endl;
    %%%%%:  131-block  0
call    0 never executed
branch  1 never executed
branch  2 never executed
    %%%%%:  131-block  1
call    3 never executed
branch  4 never executed
branch  5 never executed
    %%%%%:  131-block  2
call    6 never executed
branch  7 never executed
branch  8 never executed
    %%%%%:  131-block  3
call    9 never executed
branch 10 never executed
branch 11 never executed
    %%%%%:  131-block  4
call   12 never executed
branch 13 never executed
branch 14 never executed
    %%%%%:  131-block  5
call   15 never executed
branch 16 never executed
branch 17 never executed
    %%%%%:  131-block  6
call   18 never executed
branch 19 never executed
branch 20 never executed
    %%%%%:  131-block  7
call   21 never executed
branch 22 never executed
branch 23 never executed
    %%%%%:  131-block  8
call   24 never executed
branch 25 never executed
branch 26 never executed
    %%%%%:  131-block  9
call   27 never executed
branch 28 never executed
branch 29 never executed
    %%%%%:  131-block 10
call   30 never executed
branch 31 never executed
branch 32 never executed
    %%%%%:  131-block 11
call   33 never executed
branch 34 never executed
branch 35 never executed
    %%%%%:  131-block 12
call   36 never executed
branch 37 never executed
branch 38 never executed
    %%%%%:  131-block 13
call   39 never executed
call   40 never executed
    $$$$$:  131-block 14
call   41 never executed
    $$$$$:  131-block 15
        -:  132:
    #####:  133:        }
    %%%%%:  133-block  0
call    0 never executed
    $$$$$:  133-block  1
call    1 never executed
        -:  134:    }
        -:  135:
    #####:  136:    if (filtru == 2) {
    %%%%%:  136-block  0
branch  0 never executed
branch  1 never executed
    #####:  137:        cout << "Introduceti pretul dupa care doriti sa se faca filtrarea:\n";
    %%%%%:  137-block  0
call    0 never executed
branch  1 never executed
branch  2 never executed
    #####:  138:        cin >> pret;
    %%%%%:  138-block  0
call    0 never executed
branch  1 never executed
branch  2 never executed
    #####:  139:        if (srv.filtrare_pret(pret).size() == 0)
    %%%%%:  139-block  0
call    0 never executed
branch  1 never executed
branch  2 never executed
    %%%%%:  139-block  1
call    3 never executed
call    4 never executed
branch  5 never executed
branch  6 never executed
    #####:  140:            cout << "Nu exista medicamente cu acest pret!\n";
    %%%%%:  140-block  0
call    0 never executed
branch  1 never executed
branch  2 never executed
    #####:  141:        for (const auto &med: srv.filtrare_pret(pret)) {
    %%%%%:  141-block  0
call    0 never executed
branch  1 never executed
branch  2 never executed
    %%%%%:  141-block  1
call    3 never executed
call    4 never executed
    %%%%%:  141-block  2
call    5 never executed
branch  6 never executed
branch  7 never executed
    %%%%%:  141-block  3
call    8 never executed
branch  9 never executed
branch 10 never executed
    #####:  142:            cout << "Denumire: " << med.get_denumire() << " || Producator: " << med.get_producator()
call    0 never executed
call    1 never executed
    $$$$$:  142-block  0
call    2 never executed
    $$$$$:  142-block  1
    $$$$$:  142-block  2
call    3 never executed
    $$$$$:  142-block  3
    #####:  143:                 << " || Substanta activa: " << med.get_substanta_activa() << " || Pret: " << med.get_pret() << endl;
    %%%%%:  143-block  0
call    0 never executed
branch  1 never executed
branch  2 never executed
    %%%%%:  143-block  1
call    3 never executed
branch  4 never executed
branch  5 never executed
    %%%%%:  143-block  2
call    6 never executed
branch  7 never executed
branch  8 never executed
    %%%%%:  143-block  3
call    9 never executed
branch 10 never executed
branch 11 never executed
    %%%%%:  143-block  4
call   12 never executed
branch 13 never executed
branch 14 never executed
    %%%%%:  143-block  5
call   15 never executed
branch 16 never executed
branch 17 never executed
    %%%%%:  143-block  6
call   18 never executed
branch 19 never executed
branch 20 never executed
    %%%%%:  143-block  7
call   21 never executed
branch 22 never executed
branch 23 never executed
    %%%%%:  143-block  8
call   24 never executed
branch 25 never executed
branch 26 never executed
    %%%%%:  143-block  9
call   27 never executed
branch 28 never executed
branch 29 never executed
    %%%%%:  143-block 10
call   30 never executed
branch 31 never executed
branch 32 never executed
    %%%%%:  143-block 11
call   33 never executed
branch 34 never executed
branch 35 never executed
    %%%%%:  143-block 12
call   36 never executed
branch 37 never executed
branch 38 never executed
    %%%%%:  143-block 13
call   39 never executed
call   40 never executed
    $$$$$:  143-block 14
call   41 never executed
    $$$$$:  143-block 15
        -:  144:
    #####:  145:        }
    %%%%%:  145-block  0
call    0 never executed
    $$$$$:  145-block  1
call    1 never executed
        -:  146:    }
    #####:  147:}
    %%%%%:  147-block  0
call    0 never executed
call    1 never executed
call    2 never executed
    $$$$$:  147-block  1
call    3 never executed
    $$$$$:  147-block  2
call    4 never executed
    $$$$$:  147-block  3
call    5 never executed
        -:  148:
        -:  149://void Console::print_meds
        -:  150:
function _ZN7Console7ui_sortEv called 0 returned 0% blocks executed 0%
    #####:  151:void Console::ui_sort() {
        -:  152:    int ordine, optiune;
    #####:  153:    cout << "Sortati dupa:" << endl;
    %%%%%:  153-block  0
call    0 never executed
branch  1 never executed
branch  2 never executed
    %%%%%:  153-block  1
call    3 never executed
branch  4 never executed
branch  5 never executed
    #####:  154:    cout << "1-Denumire    2-Producator    3-Substanta activa+Pret" << endl;
    %%%%%:  154-block  0
call    0 never executed
branch  1 never executed
branch  2 never executed
    %%%%%:  154-block  1
call    3 never executed
branch  4 never executed
branch  5 never executed
    #####:  155:    cin >> optiune;
    %%%%%:  155-block  0
call    0 never executed
branch  1 never executed
branch  2 never executed
    #####:  156:    cout << "Ordinea poate fi: 0-crescator      1-descrescator:" << endl;
    %%%%%:  156-block  0
call    0 never executed
branch  1 never executed
branch  2 never executed
    %%%%%:  156-block  1
call    3 never executed
branch  4 never executed
branch  5 never executed
    #####:  157:    cin >> ordine;
    %%%%%:  157-block  0
call    0 never executed
branch  1 never executed
branch  2 never executed
    #####:  158:    if (optiune == 1)
    %%%%%:  158-block  0
branch  0 never executed
branch  1 never executed
        -:  159:    {
    #####:  160:        for (const auto& med: srv.sortdenumire(ordine))
    %%%%%:  160-block  0
call    0 never executed
branch  1 never executed
branch  2 never executed
    %%%%%:  160-block  1
call    3 never executed
call    4 never executed
    %%%%%:  160-block  2
call    5 never executed
branch  6 never executed
branch  7 never executed
    %%%%%:  160-block  3
call    8 never executed
branch  9 never executed
branch 10 never executed
        -:  161:        {
    #####:  162:            cout << "Denumire: " << med.get_denumire() << " || Producator: " << med.get_producator()
call    0 never executed
call    1 never executed
    $$$$$:  162-block  0
call    2 never executed
    $$$$$:  162-block  1
    $$$$$:  162-block  2
call    3 never executed
    $$$$$:  162-block  3
    #####:  163:                 << " || Substanta activa: " << med.get_substanta_activa() << " || Pret: " << med.get_pret() << endl;
    %%%%%:  163-block  0
call    0 never executed
branch  1 never executed
branch  2 never executed
    %%%%%:  163-block  1
call    3 never executed
branch  4 never executed
branch  5 never executed
    %%%%%:  163-block  2
call    6 never executed
branch  7 never executed
branch  8 never executed
    %%%%%:  163-block  3
call    9 never executed
branch 10 never executed
branch 11 never executed
    %%%%%:  163-block  4
call   12 never executed
branch 13 never executed
branch 14 never executed
    %%%%%:  163-block  5
call   15 never executed
branch 16 never executed
branch 17 never executed
    %%%%%:  163-block  6
call   18 never executed
branch 19 never executed
branch 20 never executed
    %%%%%:  163-block  7
call   21 never executed
branch 22 never executed
branch 23 never executed
    %%%%%:  163-block  8
call   24 never executed
branch 25 never executed
branch 26 never executed
    %%%%%:  163-block  9
call   27 never executed
branch 28 never executed
branch 29 never executed
    %%%%%:  163-block 10
call   30 never executed
branch 31 never executed
branch 32 never executed
    %%%%%:  163-block 11
call   33 never executed
branch 34 never executed
branch 35 never executed
    %%%%%:  163-block 12
call   36 never executed
branch 37 never executed
branch 38 never executed
    %%%%%:  163-block 13
call   39 never executed
call   40 never executed
    $$$$$:  163-block 14
call   41 never executed
    $$$$$:  163-block 15
        -:  164:
    #####:  165:        }
    %%%%%:  165-block  0
call    0 never executed
    $$$$$:  165-block  1
call    1 never executed
        -:  166:    }
    #####:  167:    if (optiune == 2)
    %%%%%:  167-block  0
branch  0 never executed
branch  1 never executed
        -:  168:    {
    #####:  169:        for (const auto& med: srv.sortproducator(ordine))
    %%%%%:  169-block  0
call    0 never executed
branch  1 never executed
branch  2 never executed
    %%%%%:  169-block  1
call    3 never executed
call    4 never executed
    %%%%%:  169-block  2
call    5 never executed
branch  6 never executed
branch  7 never executed
    %%%%%:  169-block  3
call    8 never executed
branch  9 never executed
branch 10 never executed
        -:  170:        {
    #####:  171:            cout << "Denumire: " << med.get_denumire() << " || Producator: " << med.get_producator()
call    0 never executed
call    1 never executed
    $$$$$:  171-block  0
call    2 never executed
    $$$$$:  171-block  1
    $$$$$:  171-block  2
call    3 never executed
    $$$$$:  171-block  3
    #####:  172:                 << " || Substanta activa: " << med.get_substanta_activa() << " || Pret: " << med.get_pret() << endl;
    %%%%%:  172-block  0
call    0 never executed
branch  1 never executed
branch  2 never executed
    %%%%%:  172-block  1
call    3 never executed
branch  4 never executed
branch  5 never executed
    %%%%%:  172-block  2
call    6 never executed
branch  7 never executed
branch  8 never executed
    %%%%%:  172-block  3
call    9 never executed
branch 10 never executed
branch 11 never executed
    %%%%%:  172-block  4
call   12 never executed
branch 13 never executed
branch 14 never executed
    %%%%%:  172-block  5
call   15 never executed
branch 16 never executed
branch 17 never executed
    %%%%%:  172-block  6
call   18 never executed
branch 19 never executed
branch 20 never executed
    %%%%%:  172-block  7
call   21 never executed
branch 22 never executed
branch 23 never executed
    %%%%%:  172-block  8
call   24 never executed
branch 25 never executed
branch 26 never executed
    %%%%%:  172-block  9
call   27 never executed
branch 28 never executed
branch 29 never executed
    %%%%%:  172-block 10
call   30 never executed
branch 31 never executed
branch 32 never executed
    %%%%%:  172-block 11
call   33 never executed
branch 34 never executed
branch 35 never executed
    %%%%%:  172-block 12
call   36 never executed
branch 37 never executed
branch 38 never executed
    %%%%%:  172-block 13
call   39 never executed
call   40 never executed
    $$$$$:  172-block 14
call   41 never executed
    $$$$$:  172-block 15
        -:  173:
    #####:  174:        }
    %%%%%:  174-block  0
call    0 never executed
    $$$$$:  174-block  1
call    1 never executed
        -:  175:    }
    #####:  176:    if (optiune == 3)
    %%%%%:  176-block  0
branch  0 never executed
branch  1 never executed
        -:  177:    {
    #####:  178:        for (const auto& med: srv.sortdsubstpret(ordine))
    %%%%%:  178-block  0
call    0 never executed
branch  1 never executed
branch  2 never executed
    %%%%%:  178-block  1
call    3 never executed
call    4 never executed
    %%%%%:  178-block  2
call    5 never executed
branch  6 never executed
branch  7 never executed
    %%%%%:  178-block  3
call    8 never executed
branch  9 never executed
branch 10 never executed
        -:  179:        {
    #####:  180:            cout << "Denumire: " << med.get_denumire() << " || Producator: " << med.get_producator()
call    0 never executed
call    1 never executed
    $$$$$:  180-block  0
call    2 never executed
    $$$$$:  180-block  1
    $$$$$:  180-block  2
call    3 never executed
    $$$$$:  180-block  3
    #####:  181:                 << " || Substanta activa: " << med.get_substanta_activa() << " || Pret: " << med.get_pret() << endl;
    %%%%%:  181-block  0
call    0 never executed
branch  1 never executed
branch  2 never executed
    %%%%%:  181-block  1
call    3 never executed
branch  4 never executed
branch  5 never executed
    %%%%%:  181-block  2
call    6 never executed
branch  7 never executed
branch  8 never executed
    %%%%%:  181-block  3
call    9 never executed
branch 10 never executed
branch 11 never executed
    %%%%%:  181-block  4
call   12 never executed
branch 13 never executed
branch 14 never executed
    %%%%%:  181-block  5
call   15 never executed
branch 16 never executed
branch 17 never executed
    %%%%%:  181-block  6
call   18 never executed
branch 19 never executed
branch 20 never executed
    %%%%%:  181-block  7
call   21 never executed
branch 22 never executed
branch 23 never executed
    %%%%%:  181-block  8
call   24 never executed
branch 25 never executed
branch 26 never executed
    %%%%%:  181-block  9
call   27 never executed
branch 28 never executed
branch 29 never executed
    %%%%%:  181-block 10
call   30 never executed
branch 31 never executed
branch 32 never executed
    %%%%%:  181-block 11
call   33 never executed
branch 34 never executed
branch 35 never executed
    %%%%%:  181-block 12
call   36 never executed
branch 37 never executed
branch 38 never executed
    %%%%%:  181-block 13
call   39 never executed
call   40 never executed
    $$$$$:  181-block 14
call   41 never executed
    $$$$$:  181-block 15
        -:  182:
    #####:  183:        }
    %%%%%:  183-block  0
call    0 never executed
    $$$$$:  183-block  1
call    1 never executed
        -:  184:    }
    #####:  185:}
    %%%%%:  185-block  0
        -:  186:
        -:  187:
function _ZN7Console3runEv called 1 returned 100% blocks executed 41%
        1:  188:void Console:: run(){
        1:  189:    int running = 1;
        -:  190:    int cmd;
        2:  191:    while(running){
        1:  191-block  0
        2:  191-block  1
branch  0 taken 1
branch  1 taken 1 (fallthrough)
        1:  192:        print_meniu();
        1:  192-block  0
call    0 returned 1
branch  1 taken 1 (fallthrough)
branch  2 taken 0 (throw)
        1:  193:        cout << "Comanda dumneavoatra este:";
        1:  193-block  0
call    0 returned 1
branch  1 taken 1 (fallthrough)
branch  2 taken 0 (throw)
        1:  194:        cin >> cmd;
        1:  194-block  0
call    0 returned 1
branch  1 taken 1 (fallthrough)
branch  2 taken 0 (throw)
        1:  195:        switch (cmd) {
        1:  195-block  0
branch  0 taken 0
branch  1 taken 0
branch  2 taken 0
branch  3 taken 0
branch  4 taken 0
branch  5 taken 0
branch  6 taken 1
branch  7 taken 0
    #####:  196:            case 1:
    #####:  197:                ui_add();
    %%%%%:  197-block  0
call    0 never executed
branch  1 never executed
branch  2 never executed
    #####:  198:                break;
    %%%%%:  198-block  0
    #####:  199:            case 2:
    #####:  200:                ui_modificare();
    %%%%%:  200-block  0
call    0 never executed
branch  1 never executed
branch  2 never executed
    #####:  201:                break;
    %%%%%:  201-block  0
    #####:  202:            case 3:
    #####:  203:                ui_stergere();
    %%%%%:  203-block  0
call    0 never executed
branch  1 never executed
branch  2 never executed
    #####:  204:                break;
    %%%%%:  204-block  0
    #####:  205:            case 4:
    #####:  206:                print_all_medicamente();
    %%%%%:  206-block  0
call    0 never executed
branch  1 never executed
branch  2 never executed
    #####:  207:                break;
    %%%%%:  207-block  0
    #####:  208:            case 5:
    #####:  209:                ui_filtrare();
    %%%%%:  209-block  0
call    0 never executed
branch  1 never executed
branch  2 never executed
    #####:  210:                break;
    %%%%%:  210-block  0
    #####:  211:            case 6:
    #####:  212:                ui_sort();
    %%%%%:  212-block  0
call    0 never executed
branch  1 never executed
branch  2 never executed
    #####:  213:                break;
    %%%%%:  213-block  0
        1:  214:            case 0:
        1:  215:                running = 0;
        1:  216:                break;
        1:  216-block  0
    #####:  217:            default:
    #####:  218:                break;
    %%%%%:  218-block  0
        -:  219:
        -:  220:        }
        -:  221:    }
        1:  222:}
        1:  222-block  0
        -:  223:
