        -:    0:Source:/mnt/c/Programare orientata obiect/oop_lab2-4_inchirieremasini/repo.c
        -:    0:Graph:/mnt/c/Programare orientata obiect/oop_lab2-4_inchirieremasini/cmake-build-debug-coverage/CMakeFiles/oop_lab2_4_inchirieremasini.dir/repo.c.gcno
        -:    0:Data:/mnt/c/Programare orientata obiect/oop_lab2-4_inchirieremasini/cmake-build-debug-coverage/CMakeFiles/oop_lab2_4_inchirieremasini.dir/repo.c.gcda
        -:    0:Runs:1
        -:    1:#include <stdlib.h>
        -:    2:#include <string.h>
        -:    3:#include "Repo.h"
        -:    4:
        -:    5:/*void init(Repository* masini) {
        -:    6:    //Initializeaza lista de masini
        -:    7:    masini->lungime = 0;
        -:    8:}*/
        -:    9:
function creeaza_vid called 68 returned 100% blocks executed 100%
       68:   10:Repository* creeaza_vid() {
        -:   11:    //Initializeaza o lista de masini vida
       68:   12:    Repository* m = (Repository*)(malloc(sizeof(Repository)));
       68:   13:    m->capacitate = 2;
       68:   14:    m->masini = (Elem*)(malloc(sizeof(Elem) * m->capacitate));
       68:   15:    m->lungime = 0;
       68:   16:    return m;
       68:   16-block  0
        -:   17:}
function get called 34 returned 100% blocks executed 100%
       34:   18:Elem get(Repository* masina, int poz)
        -:   19:{
       34:   20:    return masina->masini[poz];
       34:   20-block  0
        -:   21:}
function set called 3 returned 100% blocks executed 100%
        3:   22:Elem set(int poz, Repository* l, Elem masina1) {
        3:   23:    Elem replace = l->masini[poz];
        3:   24:    l->masini[poz] = masina1;
        3:   25:    return replace;
        3:   25-block  0
        -:   26:}
function lista_copie called 32 returned 100% blocks executed 100%
       32:   27:Repository* lista_copie(Repository* l)
        -:   28:{
       32:   29:    Repository* rez = creeaza_vid();
       32:   29-block  0
call    0 returned 32
       70:   30:    for (int i = 0; i < size(l); i++)
       70:   30-block  0
call    0 returned 70
branch  1 taken 38
branch  2 taken 32 (fallthrough)
       38:   31:        adaugareR(rez, creare_masina(get_numar(l->masini[i]), get_categorie(l->masini[i]), get_model(l->masini[i]), get_inchiriere(l->masini[i])));
       38:   31-block  0
call    0 returned 38
call    1 returned 38
call    2 returned 38
call    3 returned 38
call    4 returned 38
call    5 returned 38
       32:   32:    return rez;
       32:   32-block  0
        -:   33:}
function distrugereliste called 24 returned 100% blocks executed 100%
       24:   34:void distrugereliste(Repository* masini)
        -:   35:{
       24:   36:    distruge(masini, distruge_masina);
       24:   36-block  0
call    0 returned 24
       24:   37:}
function distruge called 68 returned 100% blocks executed 100%
       68:   38:void distruge(Repository* masini, DestroyFunction destrF) {
        -:   39:    //Distruge lista de masini
      169:   40:    for (int i = 0; i < size(masini); i++) {
       68:   40-block  0
      169:   40-block  1
call    0 returned 169
branch  1 taken 101
branch  2 taken 68 (fallthrough)
      101:   41:        destrF(masini->masini[i]);
      101:   41-block  0
call    0 returned 101
        -:   42:    }
       68:   43:    free(masini->masini);
       68:   44:    free(masini);
       68:   45:}
function size called 328 returned 100% blocks executed 100%
      328:   46:int size(Repository* MASINI) {
        -:   47:    //returneaza lungimea listei masina
      328:   48:    return MASINI->lungime;
      328:   48-block  0
        -:   49:}
function adaugareR called 107 returned 100% blocks executed 100%
      107:   50:void adaugareR(Repository* MASINI, Elem Elem) {
        -:   51:    //Adauga o Elem in lista de masini
      107:   52:    if (MASINI->lungime == MASINI->capacitate) {
      107:   52-block  0
branch  0 taken 18 (fallthrough)
branch  1 taken 89
       18:   53:        MASINI->capacitate *= 2;
        -:   54:
       18:   55:        Masina** masini_noi = (Masina**)(malloc(sizeof(Elem) * MASINI->capacitate));
       56:   56:        for (int i = 0; i < size(MASINI); i++) {
       18:   56-block  0
       56:   56-block  1
call    0 returned 56
branch  1 taken 38
branch  2 taken 18 (fallthrough)
       38:   57:            masini_noi[i] = MASINI->masini[i];
       38:   57-block  0
        -:   58:        }
       18:   59:        free(MASINI->masini);
       18:   60:        MASINI->masini = masini_noi;
       18:   60-block  0
        -:   61:        //MASINI->masini = masini_noi;
        -:   62:    }
      107:   63:    MASINI->masini[MASINI->lungime++] = Elem;
      107:   64:}
function stergere called 6 returned 100% blocks executed 100%
        6:   65:Elem stergere(Repository* lista, int poz)
        -:   66:{
        6:   67:    Elem el = lista->masini[poz];
        7:   68:    for (int i = poz; i < lista->lungime - 1; i++)
        6:   68-block  0
        7:   68-block  1
branch  0 taken 1
branch  1 taken 6 (fallthrough)
        1:   69:        lista->masini[i] = lista->masini[i + 1];
        1:   69-block  0
        6:   70:    lista->lungime--;
        6:   71:    return el;
        6:   71-block  0
        -:   72:}
function actualizamR called 1 returned 100% blocks executed 100%
        1:   73:void actualizamR(Repository* MASINI, char* numar, char* categorie_noua, char* model_nou) {
        -:   74:    //Actualizeaza o Elem din lista de masini,cu conditia ca numarul de inmatriculare sa fie existent
        2:   75:    for (int i = 0; i < size(MASINI); i++) {
        1:   75-block  0
        1:   75-block  1
        2:   75-block  2
call    0 returned 2
branch  1 taken 1
branch  2 taken 1 (fallthrough)
        1:   76:        if (strcmp(get_numar(MASINI->masini[i]), numar) == 0) {
        1:   76-block  0
call    0 returned 1
branch  1 taken 1 (fallthrough)
branch  2 taken 0
        1:   77:            strcpy(get_categorie(MASINI->masini[i]), categorie_noua);
        1:   77-block  0
call    0 returned 1
        1:   78:            strcpy(get_model(MASINI->masini[i]), model_nou);
call    0 returned 1
        -:   79:        }
        -:   80:    }
        1:   81:}
