        -:    0:Source:/mnt/c/Programare orientata obiect/oop_lab2-4_inchirieremasini/teste.c
        -:    0:Graph:/mnt/c/Programare orientata obiect/oop_lab2-4_inchirieremasini/cmake-build-debug-coverage/CMakeFiles/oop_lab2_4_inchirieremasini.dir/teste.c.gcno
        -:    0:Data:/mnt/c/Programare orientata obiect/oop_lab2-4_inchirieremasini/cmake-build-debug-coverage/CMakeFiles/oop_lab2_4_inchirieremasini.dir/teste.c.gcda
        -:    0:Runs:1
        -:    1:#include <stdio.h>
        -:    2:#include <assert.h>
        -:    3:#include <string.h>
        -:    4:#include "Repo.h"
        -:    5:#include "validator.h"
        -:    6:#include "service.h"
        -:    7:
        -:    8:
function test_domain called 1 returned 100% blocks executed 75%
        1:    9:void test_domain() {
        -:   10:    //Testeaza partea de domain
        1:   11:    Masina* m = creare_masina("sm21mrc", "sport", "coupe", 0);
        1:   11-block  0
call    0 returned 1
       1*:   12:    assert(strcmp(get_numar(m), "sm21mrc") == 0);
call    0 returned 1
branch  1 taken 0 (fallthrough)
branch  2 taken 1
    %%%%%:   12-block  0
call    3 never executed
       1*:   13:    assert(strcmp(get_categorie(m), "sport") == 0);
        1:   13-block  0
call    0 returned 1
branch  1 taken 0 (fallthrough)
branch  2 taken 1
    %%%%%:   13-block  1
call    3 never executed
       1*:   14:    assert(strcmp(get_model(m), "coupe") == 0);
        1:   14-block  0
call    0 returned 1
branch  1 taken 0 (fallthrough)
branch  2 taken 1
    %%%%%:   14-block  1
call    3 never executed
       1*:   15:    assert(get_inchiriere(m) == 0);
        1:   15-block  0
call    0 returned 1
branch  1 taken 0 (fallthrough)
branch  2 taken 1
    %%%%%:   15-block  1
call    3 never executed
        1:   16:    set_numar(m, "sm80mrc");
        1:   16-block  0
call    0 returned 1
       1*:   17:    assert(strcmp(get_numar(m), "sm80mrc") == 0);
call    0 returned 1
branch  1 taken 0 (fallthrough)
branch  2 taken 1
    %%%%%:   17-block  0
call    3 never executed
        1:   18:    set_categorie(m, "suv");
        1:   18-block  0
call    0 returned 1
       1*:   19:    assert(strcmp(get_categorie(m), "suv") == 0);
call    0 returned 1
branch  1 taken 0 (fallthrough)
branch  2 taken 1
    %%%%%:   19-block  0
call    3 never executed
        1:   20:    set_model(m, "gle");
        1:   20-block  0
call    0 returned 1
       1*:   21:    assert(strcmp(get_model(m), "gle") == 0);
call    0 returned 1
branch  1 taken 0 (fallthrough)
branch  2 taken 1
    %%%%%:   21-block  0
call    3 never executed
        1:   22:    distruge_masina(m);
        1:   22-block  0
call    0 returned 1
        1:   23:    printf("Testul pentru domain a trecut cu succes.\n");
call    0 returned 1
        1:   24:}
        -:   25:
function test_repo called 1 returned 100% blocks executed 72%
        1:   26:void test_repo() {
        -:   27:    //Testeaza partea de repo
        -:   28:    Repository* masini;
        1:   29:    masini = creeaza_vid();
        1:   29-block  0
call    0 returned 1
       1*:   30:    assert(masini->lungime == 0);
branch  0 taken 0 (fallthrough)
branch  1 taken 1
    %%%%%:   30-block  0
call    2 never executed
        1:   31:    Masina* m = creare_masina("sm21mrc", "sport", "coupe", 0);
        1:   31-block  0
call    0 returned 1
        1:   32:    adaugareR(masini, m);
call    0 returned 1
       1*:   33:    assert(masini->lungime == 1);
branch  0 taken 0 (fallthrough)
branch  1 taken 1
    %%%%%:   33-block  0
call    2 never executed
       1*:   34:    assert(strcmp(get_numar(masini->masini[0]), "sm21mrc") == 0);
        1:   34-block  0
call    0 returned 1
branch  1 taken 0 (fallthrough)
branch  2 taken 1
    %%%%%:   34-block  1
call    3 never executed
       1*:   35:    assert(strcmp(get_categorie(masini->masini[0]), "sport") == 0);
        1:   35-block  0
call    0 returned 1
branch  1 taken 0 (fallthrough)
branch  2 taken 1
    %%%%%:   35-block  1
call    3 never executed
       1*:   36:    assert(strcmp(get_model(masini->masini[0]), "coupe") == 0);
        1:   36-block  0
call    0 returned 1
branch  1 taken 0 (fallthrough)
branch  2 taken 1
    %%%%%:   36-block  1
call    3 never executed
        1:   37:    actualizamR(masini, "sm21mrc", "suv", "gle");
        1:   37-block  0
call    0 returned 1
       1*:   38:    assert(strcmp(get_numar(masini->masini[0]), "sm21mrc") == 0);
call    0 returned 1
branch  1 taken 0 (fallthrough)
branch  2 taken 1
    %%%%%:   38-block  0
call    3 never executed
       1*:   39:    assert(strcmp(get_categorie(masini->masini[0]), "suv") == 0);
        1:   39-block  0
call    0 returned 1
branch  1 taken 0 (fallthrough)
branch  2 taken 1
    %%%%%:   39-block  1
call    3 never executed
       1*:   40:    assert(strcmp(get_model(masini->masini[0]), "gle") == 0);
        1:   40-block  0
call    0 returned 1
branch  1 taken 0 (fallthrough)
branch  2 taken 1
    %%%%%:   40-block  1
call    3 never executed
        1:   41:    distruge(masini, distruge_masina);
        1:   41-block  0
call    0 returned 1
        1:   42:    printf("Testul pentru repo a trecut cu succes.\n");
call    0 returned 1
        1:   43:}
function test_set called 1 returned 100% blocks executed 75%
        1:   44:void test_set() {
        -:   45:    //Testeaza partea de repo
        -:   46:    Repository* masini;
        1:   47:    masini = creeaza_vid();
        1:   47-block  0
call    0 returned 1
       1*:   48:    assert(masini->lungime == 0);
branch  0 taken 0 (fallthrough)
branch  1 taken 1
    %%%%%:   48-block  0
call    2 never executed
        -:   49:    //Masina* m = creare_masina("sm21mrc", "sport", "coupe", 0);
        1:   50:    adaugareR(masini, creare_masina("sm21mrc", "sport", "coupe", 0));
        1:   50-block  0
call    0 returned 1
call    1 returned 1
       1*:   51:    assert(masini->lungime == 1);
branch  0 taken 0 (fallthrough)
branch  1 taken 1
    %%%%%:   51-block  0
call    2 never executed
       1*:   52:    assert(strcmp(get_numar(masini->masini[0]), "sm21mrc") == 0);
        1:   52-block  0
call    0 returned 1
branch  1 taken 0 (fallthrough)
branch  2 taken 1
    %%%%%:   52-block  1
call    3 never executed
       1*:   53:    assert(strcmp(get_categorie(masini->masini[0]), "sport") == 0);
        1:   53-block  0
call    0 returned 1
branch  1 taken 0 (fallthrough)
branch  2 taken 1
    %%%%%:   53-block  1
call    3 never executed
       1*:   54:    assert(strcmp(get_model(masini->masini[0]), "coupe") == 0);
        1:   54-block  0
call    0 returned 1
branch  1 taken 0 (fallthrough)
branch  2 taken 1
    %%%%%:   54-block  1
call    3 never executed
        1:   55:    Masina* m = creare_masina("sm21mrc", "mercedes", "coupe", 0);
        1:   55-block  0
call    0 returned 1
        1:   56:    Masina* m1 = get(masini, 0);
call    0 returned 1
        1:   57:    distruge_masina(m1);
call    0 returned 1
        1:   58:    set(0, masini, m);
call    0 returned 1
       1*:   59:    assert(strcmp(get_numar(masini->masini[0]), "sm21mrc") == 0);
call    0 returned 1
branch  1 taken 0 (fallthrough)
branch  2 taken 1
    %%%%%:   59-block  0
call    3 never executed
       1*:   60:    assert(strcmp(get_categorie(masini->masini[0]), "mercedes") == 0);
        1:   60-block  0
call    0 returned 1
branch  1 taken 0 (fallthrough)
branch  2 taken 1
    %%%%%:   60-block  1
call    3 never executed
       1*:   61:    assert(strcmp(get_model(masini->masini[0]), "coupe") == 0);
        1:   61-block  0
call    0 returned 1
branch  1 taken 0 (fallthrough)
branch  2 taken 1
    %%%%%:   61-block  1
call    3 never executed
        1:   62:    distruge(masini, distruge_masina);
        1:   62-block  0
call    0 returned 1
        1:   63:    printf("Testul pentru set a trecut cu succes.\n");
call    0 returned 1
        1:   64:}
function test_validate_masina called 1 returned 100% blocks executed 71%
        1:   65:void test_validate_masina() {
        -:   66:    //Testeaza partea de validare
       1*:   67:    assert(validate_masina("AB123CD", "Sedan", "Toyota") == 1);
        1:   67-block  0
call    0 returned 1
branch  1 taken 0 (fallthrough)
branch  2 taken 1
    %%%%%:   67-block  1
call    3 never executed
        -:   68:
       1*:   69:    assert(validate_masina("A1#23CD", "Sedan", "Toyota") == 0);
        1:   69-block  0
call    0 returned 1
branch  1 taken 0 (fallthrough)
branch  2 taken 1
    %%%%%:   69-block  1
call    3 never executed
        -:   70:
       1*:   71:    assert(validate_masina("AB123CD", "Sedan2", "Toyota") == 0);
        1:   71-block  0
call    0 returned 1
branch  1 taken 0 (fallthrough)
branch  2 taken 1
    %%%%%:   71-block  1
call    3 never executed
        -:   72:
       1*:   73:    assert(validate_masina("AB123CD", "Sedan", "Toyota!") == 0);
        1:   73-block  0
call    0 returned 1
branch  1 taken 0 (fallthrough)
branch  2 taken 1
    %%%%%:   73-block  1
call    3 never executed
        -:   74:
       1*:   75:    assert(validate_masina("", "", "") == 0);
        1:   75-block  0
call    0 returned 1
branch  1 taken 0 (fallthrough)
branch  2 taken 1
    %%%%%:   75-block  1
call    3 never executed
        -:   76:
        1:   77:    printf("Testul pentru validare a trecut cu succes.\n");
        1:   77-block  0
call    0 returned 1
        1:   78:}
        -:   79:
function test_creeaza_distruge called 1 returned 100% blocks executed 67%
        1:   80:void test_creeaza_distruge() {
        1:   81:    Masina* m = creare_masina("sm21mrc", "sport", "coupe", 0);
        1:   81-block  0
call    0 returned 1
       1*:   82:    assert(strcmp(m->numar, "sm21mrc") == 0);
branch  0 taken 0 (fallthrough)
branch  1 taken 1
    %%%%%:   82-block  0
call    2 never executed
       1*:   83:    assert(strcmp(m->categorie, "sport") == 0);
        1:   83-block  0
branch  0 taken 0 (fallthrough)
branch  1 taken 1
    %%%%%:   83-block  1
call    2 never executed
       1*:   84:    assert(strcmp(m->model, "coupe") == 0);
        1:   84-block  0
branch  0 taken 0 (fallthrough)
branch  1 taken 1
    %%%%%:   84-block  1
call    2 never executed
        -:   85:
        1:   86:    distruge_masina(m);
        1:   86-block  0
call    0 returned 1
        -:   87:    //assert(m->inchiriata==-100);
        1:   88:}
        -:   89:
function test_adauga called 1 returned 100% blocks executed 77%
        1:   90:void test_adauga() {
        -:   91:    //Testeaza partea de adaugare
        1:   92:    Service store = createService();
        1:   92-block  0
call    0 returned 1
        1:   93:    int rez=adauga(&store, "AB123CD", "Sedan", "Toyota", 0);
call    0 returned 1
       1*:   94:    assert(rez == 1);
branch  0 taken 0 (fallthrough)
branch  1 taken 1
    %%%%%:   94-block  0
call    2 never executed
        -:   95:
        1:   96:    rez=adauga(&store, "", "!Sedan", "21Toyota", 0);
        1:   96-block  0
call    0 returned 1
       1*:   97:    assert(rez==-1);
branch  0 taken 0 (fallthrough)
branch  1 taken 1
    %%%%%:   97-block  0
call    2 never executed
        1:   98:    rez = adauga(&store, "AB123CD", "Sedan", "Toyyyota", 0);
        1:   98-block  0
call    0 returned 1
       1*:   99:    assert(rez == 0);
branch  0 taken 0 (fallthrough)
branch  1 taken 1
    %%%%%:   99-block  0
call    2 never executed
        1:  100:    distruge_service(&store);
        1:  100-block  0
call    0 returned 1
        1:  101:    printf("Testul pentru adaugare a trecut cu succes.\n");
call    0 returned 1
        1:  102:}
        -:  103:
function test_actualizare called 1 returned 100% blocks executed 76%
        1:  104:void test_actualizare() {
        -:  105:    //Testeaza partea de actualizare
        1:  106:    Service store=createService();
        1:  106-block  0
call    0 returned 1
        1:  107:    adauga(&store, "AB123CD", "Sedan", "Toyota", 0);
call    0 returned 1
        1:  108:    int rez=actualizare(&store, "AB123CD", "!Coupe", "");
call    0 returned 1
       1*:  109:    assert(rez != 1);
branch  0 taken 0 (fallthrough)
branch  1 taken 1
    %%%%%:  109-block  0
call    2 never executed
        1:  110:    rez=actualizare(&store, "AB123CD", "Coupe", "Honda");
        1:  110-block  0
call    0 returned 1
       1*:  111:    assert(rez == 1);
branch  0 taken 0 (fallthrough)
branch  1 taken 1
    %%%%%:  111-block  0
call    2 never executed
        1:  112:    rez = actualizare(&store, "AB1", "Coupe", "Honda");
        1:  112-block  0
call    0 returned 1
       1*:  113:    assert(rez == 0);
branch  0 taken 0 (fallthrough)
branch  1 taken 1
    %%%%%:  113-block  0
call    2 never executed
        1:  114:    rez = actualizare(&store, "A1", "28e", "111");
        1:  114-block  0
call    0 returned 1
       1*:  115:    assert(rez == -1);
branch  0 taken 0 (fallthrough)
branch  1 taken 1
    %%%%%:  115-block  0
call    2 never executed
        -:  116:
        1:  117:    distruge_service(&store);
        1:  117-block  0
call    0 returned 1
        1:  118:    printf("Testul pentru actualizare a trecut cu succes.\n");
call    0 returned 1
        1:  119:}
        -:  120:
function test_vizualizare called 1 returned 100% blocks executed 81%
        1:  121:void test_vizualizare() {
        -:  122:    //Testeaza partea de vizualizare
        1:  123:    Service store=createService();
        1:  123-block  0
call    0 returned 1
        1:  124:    adauga(&store, "AB123CD", "Sedan", "Toyota", 0);
call    0 returned 1
        1:  125:    adauga(&store, "XYZ987", "Hatchback", "Honda", 0);
call    0 returned 1
        1:  126:    adauga(&store, "BCD456", "Sedan", "Nissan", 0);
call    0 returned 1
        -:  127:
        1:  128:    Repository* masini2 = vizualizare_categorie(&store, "Sedan");
call    0 returned 1
       1*:  129:    assert(size(masini2) == 2);
call    0 returned 1
branch  1 taken 0 (fallthrough)
branch  2 taken 1
    %%%%%:  129-block  0
call    3 never executed
       1*:  130:    assert(strcmp(get_categorie(masini2->masini[0]), "Sedan") == 0);
        1:  130-block  0
call    0 returned 1
branch  1 taken 0 (fallthrough)
branch  2 taken 1
    %%%%%:  130-block  1
call    3 never executed
       1*:  131:    assert(strcmp(get_categorie(masini2->masini[1]), "Sedan") == 0);
        1:  131-block  0
call    0 returned 1
branch  1 taken 0 (fallthrough)
branch  2 taken 1
    %%%%%:  131-block  1
call    3 never executed
        1:  132:    distruge(masini2, distruge_masina);
        1:  132-block  0
call    0 returned 1
        1:  133:    masini2 = vizualizare_model(&store, "Honda");
call    0 returned 1
       1*:  134:    assert(size(masini2) == 1);
call    0 returned 1
branch  1 taken 0 (fallthrough)
branch  2 taken 1
    %%%%%:  134-block  0
call    3 never executed
       1*:  135:    assert(strcmp(get_model(masini2->masini[0]), "Honda") == 0);
        1:  135-block  0
call    0 returned 1
branch  1 taken 0 (fallthrough)
branch  2 taken 1
    %%%%%:  135-block  1
call    3 never executed
        1:  136:    distruge(masini2, distruge_masina);
        1:  136-block  0
call    0 returned 1
        1:  137:    masini2 = vizualizare_disponibilitate(&store);
call    0 returned 1
       1*:  138:    assert(size(masini2) == 3);
call    0 returned 1
branch  1 taken 0 (fallthrough)
branch  2 taken 1
    %%%%%:  138-block  0
call    3 never executed
        1:  139:    distruge(masini2, distruge_masina);
        1:  139-block  0
call    0 returned 1
        1:  140:    distruge_service(&store);
call    0 returned 1
        -:  141:
        1:  142:    printf("Testul pentru vizualizare a trecut cu succes.\n");
call    0 returned 1
        1:  143:}
        -:  144:
        -:  145:
        -:  146:
function test_inchiriere_returnare called 1 returned 100% blocks executed 74%
        1:  147:void test_inchiriere_returnare() {
        -:  148:    //Testeaza partea de inchiriere/returnare
        1:  149:    Service store=createService();
        1:  149-block  0
call    0 returned 1
        1:  150:    adauga(&store, "AB123CD", "Sedan", "Toyota", 0);
call    0 returned 1
       1*:  151:    assert(inchiriere(&store, "AB123CD") == 1);
call    0 returned 1
branch  1 taken 0 (fallthrough)
branch  2 taken 1
    %%%%%:  151-block  0
call    3 never executed
        -:  152:
       1*:  153:    assert(inchiriere(&store, "XYZ987") == -1);
        1:  153-block  0
call    0 returned 1
branch  1 taken 0 (fallthrough)
branch  2 taken 1
    %%%%%:  153-block  1
call    3 never executed
        -:  154:
       1*:  155:    assert(inchiriere(&store, "AB123CD") == 0);
        1:  155-block  0
call    0 returned 1
branch  1 taken 0 (fallthrough)
branch  2 taken 1
    %%%%%:  155-block  1
call    3 never executed
        -:  156:
        -:  157:
       1*:  158:    assert(returnare(&store, "AB123CD") == 1);
        1:  158-block  0
call    0 returned 1
branch  1 taken 0 (fallthrough)
branch  2 taken 1
    %%%%%:  158-block  1
call    3 never executed
        -:  159:
       1*:  160:    assert(returnare(&store, "AB123CD") == 0);
        1:  160-block  0
call    0 returned 1
branch  1 taken 0 (fallthrough)
branch  2 taken 1
    %%%%%:  160-block  1
call    3 never executed
        -:  161:
       1*:  162:    assert(returnare(&store, "XYZ987") == -1);
        1:  162-block  0
call    0 returned 1
branch  1 taken 0 (fallthrough)
branch  2 taken 1
    %%%%%:  162-block  1
call    3 never executed
        -:  163:    //distruge(masini, distruge_masina);
        1:  164:    distruge_service(&store);
        1:  164-block  0
call    0 returned 1
        1:  165:    printf("Testul pentru inchiriere si returnare a trecut cu succes.\n");
call    0 returned 1
        1:  166:}
        -:  167:
function test_sortare_categorie_crescator called 1 returned 100% blocks executed 82%
        1:  168:void test_sortare_categorie_crescator() {
        -:  169:    //Testeaza partea de sortare categorie crescator
        1:  170:    Service store=createService();
        1:  170-block  0
call    0 returned 1
        1:  171:    adauga(&store, "AB123CD", "Sedan", "Toyota", 0);
call    0 returned 1
        1:  172:    adauga(&store, "XYZ987", "Hatchback", "Honda", 0);
call    0 returned 1
        1:  173:    adauga(&store, "BCD456", "Sedan", "Nissan", 0);
call    0 returned 1
        -:  174:
        1:  175:    Repository* sort=sortare(&store, comparator_categorie_crescator);
call    0 returned 1
        -:  176:
       1*:  177:    assert(strcmp(get_categorie(sort->masini[0]), "Hatchback") == 0);
call    0 returned 1
branch  1 taken 0 (fallthrough)
branch  2 taken 1
    %%%%%:  177-block  0
call    3 never executed
       1*:  178:    assert(strcmp(get_categorie(sort->masini[1]), "Sedan") == 0);
        1:  178-block  0
call    0 returned 1
branch  1 taken 0 (fallthrough)
branch  2 taken 1
    %%%%%:  178-block  1
call    3 never executed
       1*:  179:    assert(strcmp(get_categorie(sort->masini[2]), "Sedan") == 0);
        1:  179-block  0
call    0 returned 1
branch  1 taken 0 (fallthrough)
branch  2 taken 1
    %%%%%:  179-block  1
call    3 never executed
        1:  180:    distruge(sort, distruge_masina);
        1:  180-block  0
call    0 returned 1
        1:  181:    distruge_service(&store);
call    0 returned 1
        -:  182:
        -:  183:
        1:  184:}
        -:  185:
function test_sortare_categorie_descrescator called 1 returned 100% blocks executed 82%
        1:  186:void test_sortare_categorie_descrescator() {
        -:  187:    //Testeaza partea de sortare categorie descrescator
        1:  188:    Service store= createService();
        1:  188-block  0
call    0 returned 1
        1:  189:    adauga(&store, "AB123CD", "Sedan", "Toyota", 0);
call    0 returned 1
        1:  190:    adauga(&store, "XYZ987", "Hatchback", "Honda", 0);
call    0 returned 1
        1:  191:    adauga(&store, "BCD456", "Sedan", "Nissan", 0);
call    0 returned 1
        -:  192:
        1:  193:    Repository* sort = sortare(&store, comparator_categorie_descrescator);
call    0 returned 1
        -:  194:
       1*:  195:    assert(strcmp(get_categorie(sort->masini[0]), "Sedan") == 0);
call    0 returned 1
branch  1 taken 0 (fallthrough)
branch  2 taken 1
    %%%%%:  195-block  0
call    3 never executed
       1*:  196:    assert(strcmp(get_categorie(sort->masini[1]), "Sedan") == 0);
        1:  196-block  0
call    0 returned 1
branch  1 taken 0 (fallthrough)
branch  2 taken 1
    %%%%%:  196-block  1
call    3 never executed
       1*:  197:    assert(strcmp(get_categorie(sort->masini[2]), "Hatchback") == 0);
        1:  197-block  0
call    0 returned 1
branch  1 taken 0 (fallthrough)
branch  2 taken 1
    %%%%%:  197-block  1
call    3 never executed
        1:  198:    distruge(sort, distruge_masina);
        1:  198-block  0
call    0 returned 1
        1:  199:    distruge_service(&store);
call    0 returned 1
        1:  200:}
        -:  201:
function test_sortare_model_crescator called 1 returned 100% blocks executed 82%
        1:  202:void test_sortare_model_crescator() {
        -:  203:    //Testeaza partea de sortare model crescator
        1:  204:    Service store = createService();
        1:  204-block  0
call    0 returned 1
        1:  205:    adauga(&store, "AB123CD", "Sedan", "Toyota", 0);
call    0 returned 1
        1:  206:    adauga(&store, "XYZ987", "Hatchback", "Honda", 0);
call    0 returned 1
        1:  207:    adauga(&store, "BCD456", "Sedan", "Nissan", 0);
call    0 returned 1
        -:  208:
        1:  209:    Repository* sort=sortare(&store, comparator_model_crescator);
call    0 returned 1
        -:  210:
       1*:  211:    assert(strcmp(get_model(sort->masini[0]), "Honda") == 0);
call    0 returned 1
branch  1 taken 0 (fallthrough)
branch  2 taken 1
    %%%%%:  211-block  0
call    3 never executed
       1*:  212:    assert(strcmp(get_model(sort->masini[1]), "Nissan") == 0);
        1:  212-block  0
call    0 returned 1
branch  1 taken 0 (fallthrough)
branch  2 taken 1
    %%%%%:  212-block  1
call    3 never executed
       1*:  213:    assert(strcmp(get_model(sort->masini[2]), "Toyota") == 0);
        1:  213-block  0
call    0 returned 1
branch  1 taken 0 (fallthrough)
branch  2 taken 1
    %%%%%:  213-block  1
call    3 never executed
        1:  214:    distruge(sort, distruge_masina);
        1:  214-block  0
call    0 returned 1
        1:  215:    distruge_service(&store);
call    0 returned 1
        1:  216:}
        -:  217:
function test_sortare_model_descrescator called 1 returned 100% blocks executed 83%
        1:  218:void test_sortare_model_descrescator() {
        -:  219:    //Testeaza partea de sortare model descrescator
        1:  220:    Service store = createService();
        1:  220-block  0
call    0 returned 1
        1:  221:    adauga(&store, "AB123CD", "Sedan", "Toyota", 0);
call    0 returned 1
        1:  222:    adauga(&store, "XYZ987", "Hatchback", "Honda", 0);
call    0 returned 1
        1:  223:    adauga(&store, "BCD456", "Sedan", "Nissan", 0);
call    0 returned 1
        -:  224:
        1:  225:    Repository* sort=sortare(&store, comparator_model_descrescator);
call    0 returned 1
        -:  226:
       1*:  227:    assert(strcmp(get_model(sort->masini[0]), "Toyota") == 0);
call    0 returned 1
branch  1 taken 0 (fallthrough)
branch  2 taken 1
    %%%%%:  227-block  0
call    3 never executed
       1*:  228:    assert(strcmp(get_model(sort->masini[1]), "Nissan") == 0);
        1:  228-block  0
call    0 returned 1
branch  1 taken 0 (fallthrough)
branch  2 taken 1
    %%%%%:  228-block  1
call    3 never executed
       1*:  229:    assert(strcmp(get_model(sort->masini[2]), "Honda") == 0);
        1:  229-block  0
call    0 returned 1
branch  1 taken 0 (fallthrough)
branch  2 taken 1
    %%%%%:  229-block  1
call    3 never executed
        1:  230:    distruge(sort, distruge_masina);
        1:  230-block  0
call    0 returned 1
        1:  231:    distruge_service(&store);
call    0 returned 1
        1:  232:    printf("Testul pentru sortare a trecut cu succes.\n");
call    0 returned 1
        1:  233:}
function test_liste_de_liste called 1 returned 100% blocks executed 89%
        1:  234:void test_liste_de_liste()
        -:  235:{
        1:  236:    Repository* lista = creeaza_vid();
        1:  236-block  0
call    0 returned 1
        1:  237:    adaugareR(lista, creare_masina("AB12MNG", "Mercedes", "Coupe", 0));
call    0 returned 1
call    1 returned 1
        1:  238:    adaugareR(lista, creare_masina("BH12MNG", "Mercedes", "Sedan", 0));
call    0 returned 1
call    1 returned 1
        1:  239:    Repository* lista2 = creeaza_vid();
call    0 returned 1
        1:  240:    Repository* undo = creeaza_vid();
call    0 returned 1
        1:  241:    adaugareR(undo, lista);
call    0 returned 1
       1*:  242:    assert(size(undo) == 1);
call    0 returned 1
branch  1 taken 0 (fallthrough)
branch  2 taken 1
    %%%%%:  242-block  0
call    3 never executed
        1:  243:    adaugareR(undo, lista2);
        1:  243-block  0
call    0 returned 1
       1*:  244:    assert(size(undo) == 2);
call    0 returned 1
branch  1 taken 0 (fallthrough)
branch  2 taken 1
    %%%%%:  244-block  0
call    3 never executed
        -:  245:
        1:  246:    distruge(undo, distrugereliste);
        1:  246-block  0
call    0 returned 1
        1:  247:    printf("Testul pentru lista de liste a trecut cu succes.\n");
call    0 returned 1
        1:  248:}
function test_copie_lista called 1 returned 100% blocks executed 86%
        1:  249:void test_copie_lista()
        -:  250:{
        1:  251:    Repository* lista = creeaza_vid();
        1:  251-block  0
call    0 returned 1
        1:  252:    adaugareR(lista, creare_masina("bh12amg", "mercedes", "coupe", 0));
call    0 returned 1
call    1 returned 1
       1*:  253:    assert(size(lista) == 1);
call    0 returned 1
branch  1 taken 0 (fallthrough)
branch  2 taken 1
    %%%%%:  253-block  0
call    3 never executed
        1:  254:    Repository* lista_rez = lista_copie(lista);
        1:  254-block  0
call    0 returned 1
       1*:  255:    assert(size(lista_rez) == 1);
call    0 returned 1
branch  1 taken 0 (fallthrough)
branch  2 taken 1
    %%%%%:  255-block  0
call    3 never executed
        1:  256:    distruge(lista, distruge_masina);
        1:  256-block  0
call    0 returned 1
        1:  257:    distruge(lista_rez, distruge_masina);
call    0 returned 1
        1:  258:    printf("Testul pentru copia de liste a trecut cu succes.\n");
call    0 returned 1
        1:  259:}
function test_stergere called 1 returned 100% blocks executed 80%
        1:  260:void test_stergere()
        -:  261:{
        1:  262:    Repository* v1 =creeaza_vid();
        1:  262-block  0
call    0 returned 1
        1:  263:    adaugareR(v1, creare_masina("sm21mrc", "mercedes","coupe",0));
call    0 returned 1
call    1 returned 1
        1:  264:    adaugareR(v1, creare_masina("sm20mrc", "mercedes", "coupe", 0));
call    0 returned 1
call    1 returned 1
        -:  265:
        -:  266:
       1*:  267:    assert(size(v1) == 2);
call    0 returned 1
branch  1 taken 0 (fallthrough)
branch  2 taken 1
    %%%%%:  267-block  0
call    3 never executed
        1:  268:    Masina*m=stergere(v1, 0);
        1:  268-block  0
call    0 returned 1
        -:  269:
       1*:  270:    assert(strcmp(m->numar, "sm21mrc") == 0);
branch  0 taken 0 (fallthrough)
branch  1 taken 1
    %%%%%:  270-block  0
call    2 never executed
       1*:  271:    assert(strcmp(m->categorie, "mercedes") == 0);
        1:  271-block  0
branch  0 taken 0 (fallthrough)
branch  1 taken 1
    %%%%%:  271-block  1
call    2 never executed
        1:  272:    distruge_masina(m);
        1:  272-block  0
call    0 returned 1
        -:  273:
       1*:  274:    assert(size(v1) == 1);
call    0 returned 1
branch  1 taken 0 (fallthrough)
branch  2 taken 1
    %%%%%:  274-block  0
call    3 never executed
        1:  275:    distruge(v1,distruge_masina);
        1:  275-block  0
call    0 returned 1
        1:  276:    printf("Testul pentru stergere a trecut cu succes.\n");
call    0 returned 1
        -:  277:
        1:  278:}
function test_undo called 1 returned 100% blocks executed 76%
        1:  279:void test_undo() {
        1:  280:    Service store = createService();
        1:  280-block  0
call    0 returned 1
       1*:  281:    assert(adauga(&store, "sm20mrc", "volvo", "coupe", 0) == 1);
call    0 returned 1
branch  1 taken 0 (fallthrough)
branch  2 taken 1
    %%%%%:  281-block  0
call    3 never executed
       1*:  282:    assert(adauga(&store, "sm21mrc","mercedes","coupe", 0) == 1);
        1:  282-block  0
call    0 returned 1
branch  1 taken 0 (fallthrough)
branch  2 taken 1
    %%%%%:  282-block  1
call    3 never executed
       1*:  283:    assert(actualizare(&store, "sm21mrc", "bmw","coupe") == 1);
        1:  283-block  0
call    0 returned 1
branch  1 taken 0 (fallthrough)
branch  2 taken 1
    %%%%%:  283-block  1
call    3 never executed
       1*:  284:    assert(inchiriere(&store, "sm21mrc") == 1);
        1:  284-block  0
call    0 returned 1
branch  1 taken 0 (fallthrough)
branch  2 taken 1
    %%%%%:  284-block  1
call    3 never executed
       1*:  285:    assert(returnare(&store, "sm21mrc") == 1);
        1:  285-block  0
call    0 returned 1
branch  1 taken 0 (fallthrough)
branch  2 taken 1
    %%%%%:  285-block  1
call    3 never executed
        -:  286:    //undo returnare
        1:  287:    undo(&store);
        1:  287-block  0
call    0 returned 1
        -:  288:
        1:  289:    Repository* List = vizualizare_model(&store, "coupe");
call    0 returned 1
       1*:  290:    assert(size(List) == 2);
call    0 returned 1
branch  1 taken 0 (fallthrough)
branch  2 taken 1
    %%%%%:  290-block  0
call    3 never executed
       1*:  291:    assert(get_inchiriere(List->masini[1]) == 1);
        1:  291-block  0
call    0 returned 1
branch  1 taken 0 (fallthrough)
branch  2 taken 1
    %%%%%:  291-block  1
call    3 never executed
        1:  292:    distruge(List, distruge_masina);
        1:  292-block  0
call    0 returned 1
        -:  293:
        -:  294:    //undo inchiriere
        1:  295:    undo(&store);
call    0 returned 1
        -:  296:
        1:  297:    List = vizualizare_model(&store,"coupe");
call    0 returned 1
       1*:  298:    assert(size(List) == 2);
call    0 returned 1
branch  1 taken 0 (fallthrough)
branch  2 taken 1
    %%%%%:  298-block  0
call    3 never executed
       1*:  299:    assert(get_inchiriere(List->masini[1])==0);
        1:  299-block  0
call    0 returned 1
branch  1 taken 0 (fallthrough)
branch  2 taken 1
    %%%%%:  299-block  1
call    3 never executed
        1:  300:    distruge(List,distruge_masina);
        1:  300-block  0
call    0 returned 1
        -:  301:
        -:  302:    //undo modify
        1:  303:    undo(&store);
call    0 returned 1
        -:  304:
        1:  305:    List= vizualizare_categorie(&store, "mercedes");
call    0 returned 1
       1*:  306:    assert(size(List) == 1);
call    0 returned 1
branch  1 taken 0 (fallthrough)
branch  2 taken 1
    %%%%%:  306-block  0
call    3 never executed
       1*:  307:    assert(strcmp(get_numar(List->masini[0]),"sm21mrc")== 0);
        1:  307-block  0
call    0 returned 1
branch  1 taken 0 (fallthrough)
branch  2 taken 1
    %%%%%:  307-block  1
call    3 never executed
        1:  308:    distruge(List, distruge_masina);
        1:  308-block  0
call    0 returned 1
        -:  309:
        -:  310:    //undo add
        1:  311:    undo(&store);
call    0 returned 1
        1:  312:    List = vizualizare_model(&store, "coupe");
call    0 returned 1
       1*:  313:    assert(size(List) == 1);
call    0 returned 1
branch  1 taken 0 (fallthrough)
branch  2 taken 1
    %%%%%:  313-block  0
call    3 never executed
       1*:  314:    assert(strcmp(get_numar(List->masini[0]), "sm20mrc") == 0);
        1:  314-block  0
call    0 returned 1
branch  1 taken 0 (fallthrough)
branch  2 taken 1
    %%%%%:  314-block  1
call    3 never executed
        1:  315:    distruge(List, distruge_masina);
        1:  315-block  0
call    0 returned 1
        1:  316:    undo(&store);
call    0 returned 1
        -:  317:
        1:  318:    int moreUndo = undo(&store);
call    0 returned 1
       1*:  319:    assert(moreUndo == 0);
branch  0 taken 0 (fallthrough)
branch  1 taken 1
    %%%%%:  319-block  0
call    2 never executed
        1:  320:    distruge_service(&store);
        1:  320-block  0
call    0 returned 1
        1:  321:    printf("Testul pentru undo efectuat cu succes\n");
call    0 returned 1
        1:  322:}
function test_cauta called 1 returned 100% blocks executed 77%
        1:  323:void test_cauta()
        -:  324:{
        1:  325:    Service store = createService();
        1:  325-block  0
call    0 returned 1
        1:  326:    int rez = adauga(&store, "AB123CD", "Sedan", "Toyota", 0);
call    0 returned 1
       1*:  327:    assert(rez == 1);
branch  0 taken 0 (fallthrough)
branch  1 taken 1
    %%%%%:  327-block  0
call    2 never executed
       1*:  328:    assert(cauta(&store, "AB123CD")==0);
        1:  328-block  0
call    0 returned 1
branch  1 taken 0 (fallthrough)
branch  2 taken 1
    %%%%%:  328-block  1
call    3 never executed
       1*:  329:    assert(cauta(&store, "AB") == -1);
        1:  329-block  0
call    0 returned 1
branch  1 taken 0 (fallthrough)
branch  2 taken 1
    %%%%%:  329-block  1
call    3 never executed
        1:  330:    distruge_service(&store);
        1:  330-block  0
call    0 returned 1
        1:  331:    printf("Testul pentru cauta a trecut cu succes.\n\n");
call    0 returned 1
        1:  332:}
function ruleaza_toate_testele called 1 returned 100% blocks executed 100%
        1:  333:void ruleaza_toate_testele() {
        -:  334:    //Ruleaza toate testele
        1:  335:    test_domain();
        1:  335-block  0
call    0 returned 1
        1:  336:    test_repo();
call    0 returned 1
        1:  337:    test_set();
call    0 returned 1
        1:  338:    test_validate_masina();
call    0 returned 1
        1:  339:    test_adauga();
call    0 returned 1
        1:  340:    test_actualizare();
call    0 returned 1
        1:  341:    test_vizualizare();
call    0 returned 1
        1:  342:    test_inchiriere_returnare();
call    0 returned 1
        1:  343:    test_sortare_categorie_crescator();
call    0 returned 1
        1:  344:    test_sortare_categorie_descrescator();
call    0 returned 1
        1:  345:    test_sortare_model_crescator();
call    0 returned 1
        1:  346:    test_sortare_model_descrescator();
call    0 returned 1
        1:  347:    test_creeaza_distruge();
call    0 returned 1
        1:  348:    test_liste_de_liste();
call    0 returned 1
        1:  349:    test_copie_lista();
call    0 returned 1
        1:  350:    test_stergere();
call    0 returned 1
        1:  351:    test_undo();
call    0 returned 1
        1:  352:    test_cauta();
call    0 returned 1
        1:  353:    printf("***Toate testele au trecut cu SUCCES!***\n");
call    0 returned 1
        1:  354:}
        -:  355:
